2024-12-08 20:01:25: Error: ENOENT: no such file or directory, open '../kea-viewer.conf'
2024-12-08 20:01:25:     at Object.openSync (node:fs:596:3)
2024-12-08 20:01:25:     at readFileSync (node:fs:464:35)
2024-12-08 20:01:25:     at file:///home/mgmt/kea-viewer/backend/kea-csv-reader.js:7:27
2024-12-08 20:01:25:     at ModuleJob.run (node:internal/modules/esm/module_job:195:25)
2024-12-08 20:01:25:     at async ModuleLoader.import (node:internal/modules/esm/loader:336:24)
2024-12-08 20:01:25:     at async importModuleDynamicallyWrapper (node:internal/vm/module:429:15) {
2024-12-08 20:01:25:   errno: -2,
2024-12-08 20:01:25:   syscall: 'open',
2024-12-08 20:01:25:   code: 'ENOENT',
2024-12-08 20:01:25:   path: '../kea-viewer.conf'
2024-12-08 20:01:25: }
2024-12-08 20:01:26: Error: ENOENT: no such file or directory, open '../kea-viewer.conf'
2024-12-08 20:01:26:     at Object.openSync (node:fs:596:3)
2024-12-08 20:01:26:     at readFileSync (node:fs:464:35)
2024-12-08 20:01:26:     at file:///home/mgmt/kea-viewer/backend/kea-csv-reader.js:7:27
2024-12-08 20:01:26:     at ModuleJob.run (node:internal/modules/esm/module_job:195:25)
2024-12-08 20:01:26:     at async ModuleLoader.import (node:internal/modules/esm/loader:336:24)
2024-12-08 20:01:26:     at async importModuleDynamicallyWrapper (node:internal/vm/module:429:15) {
2024-12-08 20:01:26:   errno: -2,
2024-12-08 20:01:26:   syscall: 'open',
2024-12-08 20:01:26:   code: 'ENOENT',
2024-12-08 20:01:26:   path: '../kea-viewer.conf'
2024-12-08 20:01:26: }
2024-12-08 20:01:27: Error: ENOENT: no such file or directory, open '../kea-viewer.conf'
2024-12-08 20:01:27:     at Object.openSync (node:fs:596:3)
2024-12-08 20:01:27:     at readFileSync (node:fs:464:35)
2024-12-08 20:01:27:     at file:///home/mgmt/kea-viewer/backend/kea-csv-reader.js:7:27
2024-12-08 20:01:27:     at ModuleJob.run (node:internal/modules/esm/module_job:195:25)
2024-12-08 20:01:27:     at async ModuleLoader.import (node:internal/modules/esm/loader:336:24)
2024-12-08 20:01:27:     at async importModuleDynamicallyWrapper (node:internal/vm/module:429:15) {
2024-12-08 20:01:27:   errno: -2,
2024-12-08 20:01:27:   syscall: 'open',
2024-12-08 20:01:27:   code: 'ENOENT',
2024-12-08 20:01:27:   path: '../kea-viewer.conf'
2024-12-08 20:01:27: }
2024-12-08 20:01:28: Error: ENOENT: no such file or directory, open '../kea-viewer.conf'
2024-12-08 20:01:28:     at Object.openSync (node:fs:596:3)
2024-12-08 20:01:28:     at readFileSync (node:fs:464:35)
2024-12-08 20:01:28:     at file:///home/mgmt/kea-viewer/backend/kea-csv-reader.js:7:27
2024-12-08 20:01:28:     at ModuleJob.run (node:internal/modules/esm/module_job:195:25)
2024-12-08 20:01:28:     at async ModuleLoader.import (node:internal/modules/esm/loader:336:24)
2024-12-08 20:01:28:     at async importModuleDynamicallyWrapper (node:internal/vm/module:429:15) {
2024-12-08 20:01:28:   errno: -2,
2024-12-08 20:01:28:   syscall: 'open',
2024-12-08 20:01:28:   code: 'ENOENT',
2024-12-08 20:01:28:   path: '../kea-viewer.conf'
2024-12-08 20:01:28: }
2024-12-08 20:01:29: Error: ENOENT: no such file or directory, open '../kea-viewer.conf'
2024-12-08 20:01:29:     at Object.openSync (node:fs:596:3)
2024-12-08 20:01:29:     at readFileSync (node:fs:464:35)
2024-12-08 20:01:29:     at file:///home/mgmt/kea-viewer/backend/kea-csv-reader.js:7:27
2024-12-08 20:01:29:     at ModuleJob.run (node:internal/modules/esm/module_job:195:25)
2024-12-08 20:01:29:     at async ModuleLoader.import (node:internal/modules/esm/loader:336:24)
2024-12-08 20:01:29:     at async importModuleDynamicallyWrapper (node:internal/vm/module:429:15) {
2024-12-08 20:01:29:   errno: -2,
2024-12-08 20:01:29:   syscall: 'open',
2024-12-08 20:01:29:   code: 'ENOENT',
2024-12-08 20:01:29:   path: '../kea-viewer.conf'
2024-12-08 20:01:29: }
2024-12-08 20:01:30: Error: ENOENT: no such file or directory, open '../kea-viewer.conf'
2024-12-08 20:01:30:     at Object.openSync (node:fs:596:3)
2024-12-08 20:01:30:     at readFileSync (node:fs:464:35)
2024-12-08 20:01:30:     at file:///home/mgmt/kea-viewer/backend/kea-csv-reader.js:7:27
2024-12-08 20:01:30:     at ModuleJob.run (node:internal/modules/esm/module_job:195:25)
2024-12-08 20:01:30:     at async ModuleLoader.import (node:internal/modules/esm/loader:336:24)
2024-12-08 20:01:30:     at async importModuleDynamicallyWrapper (node:internal/vm/module:429:15) {
2024-12-08 20:01:30:   errno: -2,
2024-12-08 20:01:30:   syscall: 'open',
2024-12-08 20:01:30:   code: 'ENOENT',
2024-12-08 20:01:30:   path: '../kea-viewer.conf'
2024-12-08 20:01:30: }
2024-12-08 20:01:31: Error: ENOENT: no such file or directory, open '../kea-viewer.conf'
2024-12-08 20:01:31:     at Object.openSync (node:fs:596:3)
2024-12-08 20:01:31:     at readFileSync (node:fs:464:35)
2024-12-08 20:01:31:     at file:///home/mgmt/kea-viewer/backend/kea-csv-reader.js:7:27
2024-12-08 20:01:31:     at ModuleJob.run (node:internal/modules/esm/module_job:195:25)
2024-12-08 20:01:31:     at async ModuleLoader.import (node:internal/modules/esm/loader:336:24)
2024-12-08 20:01:31:     at async importModuleDynamicallyWrapper (node:internal/vm/module:429:15) {
2024-12-08 20:01:31:   errno: -2,
2024-12-08 20:01:31:   syscall: 'open',
2024-12-08 20:01:31:   code: 'ENOENT',
2024-12-08 20:01:31:   path: '../kea-viewer.conf'
2024-12-08 20:01:31: }
2024-12-08 20:01:32: Error: ENOENT: no such file or directory, open '../kea-viewer.conf'
2024-12-08 20:01:32:     at Object.openSync (node:fs:596:3)
2024-12-08 20:01:32:     at readFileSync (node:fs:464:35)
2024-12-08 20:01:32:     at file:///home/mgmt/kea-viewer/backend/kea-csv-reader.js:7:27
2024-12-08 20:01:32:     at ModuleJob.run (node:internal/modules/esm/module_job:195:25)
2024-12-08 20:01:32:     at async ModuleLoader.import (node:internal/modules/esm/loader:336:24)
2024-12-08 20:01:32:     at async importModuleDynamicallyWrapper (node:internal/vm/module:429:15) {
2024-12-08 20:01:32:   errno: -2,
2024-12-08 20:01:32:   syscall: 'open',
2024-12-08 20:01:32:   code: 'ENOENT',
2024-12-08 20:01:32:   path: '../kea-viewer.conf'
2024-12-08 20:01:32: }
2024-12-08 20:01:33: Error: ENOENT: no such file or directory, open '../kea-viewer.conf'
2024-12-08 20:01:33:     at Object.openSync (node:fs:596:3)
2024-12-08 20:01:33:     at readFileSync (node:fs:464:35)
2024-12-08 20:01:33:     at file:///home/mgmt/kea-viewer/backend/kea-csv-reader.js:7:27
2024-12-08 20:01:33:     at ModuleJob.run (node:internal/modules/esm/module_job:195:25)
2024-12-08 20:01:33:     at async ModuleLoader.import (node:internal/modules/esm/loader:336:24)
2024-12-08 20:01:33:     at async importModuleDynamicallyWrapper (node:internal/vm/module:429:15) {
2024-12-08 20:01:33:   errno: -2,
2024-12-08 20:01:33:   syscall: 'open',
2024-12-08 20:01:33:   code: 'ENOENT',
2024-12-08 20:01:33:   path: '../kea-viewer.conf'
2024-12-08 20:01:33: }
2024-12-08 20:01:34: Error: ENOENT: no such file or directory, open '../kea-viewer.conf'
2024-12-08 20:01:34:     at Object.openSync (node:fs:596:3)
2024-12-08 20:01:34:     at readFileSync (node:fs:464:35)
2024-12-08 20:01:34:     at file:///home/mgmt/kea-viewer/backend/kea-csv-reader.js:7:27
2024-12-08 20:01:34:     at ModuleJob.run (node:internal/modules/esm/module_job:195:25)
2024-12-08 20:01:34:     at async ModuleLoader.import (node:internal/modules/esm/loader:336:24)
2024-12-08 20:01:34:     at async importModuleDynamicallyWrapper (node:internal/vm/module:429:15) {
2024-12-08 20:01:34:   errno: -2,
2024-12-08 20:01:34:   syscall: 'open',
2024-12-08 20:01:34:   code: 'ENOENT',
2024-12-08 20:01:34:   path: '../kea-viewer.conf'
2024-12-08 20:01:34: }
2024-12-08 20:01:34: Error: ENOENT: no such file or directory, open '../kea-viewer.conf'
2024-12-08 20:01:34:     at Object.openSync (node:fs:596:3)
2024-12-08 20:01:34:     at readFileSync (node:fs:464:35)
2024-12-08 20:01:34:     at file:///home/mgmt/kea-viewer/backend/kea-csv-reader.js:7:27
2024-12-08 20:01:34:     at ModuleJob.run (node:internal/modules/esm/module_job:195:25)
2024-12-08 20:01:34:     at async ModuleLoader.import (node:internal/modules/esm/loader:336:24)
2024-12-08 20:01:34:     at async importModuleDynamicallyWrapper (node:internal/vm/module:429:15) {
2024-12-08 20:01:34:   errno: -2,
2024-12-08 20:01:34:   syscall: 'open',
2024-12-08 20:01:34:   code: 'ENOENT',
2024-12-08 20:01:34:   path: '../kea-viewer.conf'
2024-12-08 20:01:34: }
2024-12-08 20:01:35: Error: ENOENT: no such file or directory, open '../kea-viewer.conf'
2024-12-08 20:01:35:     at Object.openSync (node:fs:596:3)
2024-12-08 20:01:35:     at readFileSync (node:fs:464:35)
2024-12-08 20:01:35:     at file:///home/mgmt/kea-viewer/backend/kea-csv-reader.js:7:27
2024-12-08 20:01:35:     at ModuleJob.run (node:internal/modules/esm/module_job:195:25)
2024-12-08 20:01:35:     at async ModuleLoader.import (node:internal/modules/esm/loader:336:24)
2024-12-08 20:01:35:     at async importModuleDynamicallyWrapper (node:internal/vm/module:429:15) {
2024-12-08 20:01:35:   errno: -2,
2024-12-08 20:01:35:   syscall: 'open',
2024-12-08 20:01:35:   code: 'ENOENT',
2024-12-08 20:01:35:   path: '../kea-viewer.conf'
2024-12-08 20:01:35: }
2024-12-08 20:01:36: Error: ENOENT: no such file or directory, open '../kea-viewer.conf'
2024-12-08 20:01:36:     at Object.openSync (node:fs:596:3)
2024-12-08 20:01:36:     at readFileSync (node:fs:464:35)
2024-12-08 20:01:36:     at file:///home/mgmt/kea-viewer/backend/kea-csv-reader.js:7:27
2024-12-08 20:01:36:     at ModuleJob.run (node:internal/modules/esm/module_job:195:25)
2024-12-08 20:01:36:     at async ModuleLoader.import (node:internal/modules/esm/loader:336:24)
2024-12-08 20:01:36:     at async importModuleDynamicallyWrapper (node:internal/vm/module:429:15) {
2024-12-08 20:01:36:   errno: -2,
2024-12-08 20:01:36:   syscall: 'open',
2024-12-08 20:01:36:   code: 'ENOENT',
2024-12-08 20:01:36:   path: '../kea-viewer.conf'
2024-12-08 20:01:36: }
2024-12-08 20:01:38: Error: ENOENT: no such file or directory, open '../kea-viewer.conf'
2024-12-08 20:01:38:     at Object.openSync (node:fs:596:3)
2024-12-08 20:01:38:     at readFileSync (node:fs:464:35)
2024-12-08 20:01:38:     at file:///home/mgmt/kea-viewer/backend/kea-csv-reader.js:7:27
2024-12-08 20:01:38:     at ModuleJob.run (node:internal/modules/esm/module_job:195:25)
2024-12-08 20:01:38:     at async ModuleLoader.import (node:internal/modules/esm/loader:336:24)
2024-12-08 20:01:38:     at async importModuleDynamicallyWrapper (node:internal/vm/module:429:15) {
2024-12-08 20:01:38:   errno: -2,
2024-12-08 20:01:38:   syscall: 'open',
2024-12-08 20:01:38:   code: 'ENOENT',
2024-12-08 20:01:38:   path: '../kea-viewer.conf'
2024-12-08 20:01:38: }
2024-12-08 20:01:39: Error: ENOENT: no such file or directory, open '../kea-viewer.conf'
2024-12-08 20:01:39:     at Object.openSync (node:fs:596:3)
2024-12-08 20:01:39:     at readFileSync (node:fs:464:35)
2024-12-08 20:01:39:     at file:///home/mgmt/kea-viewer/backend/kea-csv-reader.js:7:27
2024-12-08 20:01:39:     at ModuleJob.run (node:internal/modules/esm/module_job:195:25)
2024-12-08 20:01:39:     at async ModuleLoader.import (node:internal/modules/esm/loader:336:24)
2024-12-08 20:01:39:     at async importModuleDynamicallyWrapper (node:internal/vm/module:429:15) {
2024-12-08 20:01:39:   errno: -2,
2024-12-08 20:01:39:   syscall: 'open',
2024-12-08 20:01:39:   code: 'ENOENT',
2024-12-08 20:01:39:   path: '../kea-viewer.conf'
2024-12-08 20:01:39: }
2024-12-08 20:01:40: Error: ENOENT: no such file or directory, open '../kea-viewer.conf'
2024-12-08 20:01:40:     at Object.openSync (node:fs:596:3)
2024-12-08 20:01:40:     at readFileSync (node:fs:464:35)
2024-12-08 20:01:40:     at file:///home/mgmt/kea-viewer/backend/kea-csv-reader.js:7:27
2024-12-08 20:01:40:     at ModuleJob.run (node:internal/modules/esm/module_job:195:25)
2024-12-08 20:01:40:     at async ModuleLoader.import (node:internal/modules/esm/loader:336:24)
2024-12-08 20:01:40:     at async importModuleDynamicallyWrapper (node:internal/vm/module:429:15) {
2024-12-08 20:01:40:   errno: -2,
2024-12-08 20:01:40:   syscall: 'open',
2024-12-08 20:01:40:   code: 'ENOENT',
2024-12-08 20:01:40:   path: '../kea-viewer.conf'
2024-12-08 20:01:40: }
2024-12-08 20:01:41: Error: ENOENT: no such file or directory, open '../kea-viewer.conf'
2024-12-08 20:01:41:     at Object.openSync (node:fs:596:3)
2024-12-08 20:01:41:     at readFileSync (node:fs:464:35)
2024-12-08 20:01:41:     at file:///home/mgmt/kea-viewer/backend/kea-csv-reader.js:7:27
2024-12-08 20:01:41:     at ModuleJob.run (node:internal/modules/esm/module_job:195:25)
2024-12-08 20:01:41:     at async ModuleLoader.import (node:internal/modules/esm/loader:336:24)
2024-12-08 20:01:41:     at async importModuleDynamicallyWrapper (node:internal/vm/module:429:15) {
2024-12-08 20:01:41:   errno: -2,
2024-12-08 20:01:41:   syscall: 'open',
2024-12-08 20:01:41:   code: 'ENOENT',
2024-12-08 20:01:41:   path: '../kea-viewer.conf'
2024-12-08 20:01:41: }
2024-12-08 20:01:41: Error: ENOENT: no such file or directory, open '../kea-viewer.conf'
2024-12-08 20:01:41:     at Object.openSync (node:fs:596:3)
2024-12-08 20:01:41:     at readFileSync (node:fs:464:35)
2024-12-08 20:01:41:     at file:///home/mgmt/kea-viewer/backend/kea-csv-reader.js:7:27
2024-12-08 20:01:41:     at ModuleJob.run (node:internal/modules/esm/module_job:195:25)
2024-12-08 20:01:41:     at async ModuleLoader.import (node:internal/modules/esm/loader:336:24)
2024-12-08 20:01:41:     at async importModuleDynamicallyWrapper (node:internal/vm/module:429:15) {
2024-12-08 20:01:41:   errno: -2,
2024-12-08 20:01:41:   syscall: 'open',
2024-12-08 20:01:41:   code: 'ENOENT',
2024-12-08 20:01:41:   path: '../kea-viewer.conf'
2024-12-08 20:01:41: }
2024-12-08 20:01:42: Error: ENOENT: no such file or directory, open '../kea-viewer.conf'
2024-12-08 20:01:42:     at Object.openSync (node:fs:596:3)
2024-12-08 20:01:42:     at readFileSync (node:fs:464:35)
2024-12-08 20:01:42:     at file:///home/mgmt/kea-viewer/backend/kea-csv-reader.js:7:27
2024-12-08 20:01:42:     at ModuleJob.run (node:internal/modules/esm/module_job:195:25)
2024-12-08 20:01:42:     at async ModuleLoader.import (node:internal/modules/esm/loader:336:24)
2024-12-08 20:01:42:     at async importModuleDynamicallyWrapper (node:internal/vm/module:429:15) {
2024-12-08 20:01:42:   errno: -2,
2024-12-08 20:01:42:   syscall: 'open',
2024-12-08 20:01:42:   code: 'ENOENT',
2024-12-08 20:01:42:   path: '../kea-viewer.conf'
2024-12-08 20:01:42: }
2024-12-08 20:01:43: Error: ENOENT: no such file or directory, open '../kea-viewer.conf'
2024-12-08 20:01:43:     at Object.openSync (node:fs:596:3)
2024-12-08 20:01:43:     at readFileSync (node:fs:464:35)
2024-12-08 20:01:43:     at file:///home/mgmt/kea-viewer/backend/kea-csv-reader.js:7:27
2024-12-08 20:01:43:     at ModuleJob.run (node:internal/modules/esm/module_job:195:25)
2024-12-08 20:01:43:     at async ModuleLoader.import (node:internal/modules/esm/loader:336:24)
2024-12-08 20:01:43:     at async importModuleDynamicallyWrapper (node:internal/vm/module:429:15) {
2024-12-08 20:01:43:   errno: -2,
2024-12-08 20:01:43:   syscall: 'open',
2024-12-08 20:01:43:   code: 'ENOENT',
2024-12-08 20:01:43:   path: '../kea-viewer.conf'
2024-12-08 20:01:43: }
2024-12-08 20:01:44: Error: ENOENT: no such file or directory, open '../kea-viewer.conf'
2024-12-08 20:01:44:     at Object.openSync (node:fs:596:3)
2024-12-08 20:01:44:     at readFileSync (node:fs:464:35)
2024-12-08 20:01:44:     at file:///home/mgmt/kea-viewer/backend/kea-csv-reader.js:7:27
2024-12-08 20:01:44:     at ModuleJob.run (node:internal/modules/esm/module_job:195:25)
2024-12-08 20:01:44:     at async ModuleLoader.import (node:internal/modules/esm/loader:336:24)
2024-12-08 20:01:44:     at async importModuleDynamicallyWrapper (node:internal/vm/module:429:15) {
2024-12-08 20:01:44:   errno: -2,
2024-12-08 20:01:44:   syscall: 'open',
2024-12-08 20:01:44:   code: 'ENOENT',
2024-12-08 20:01:44:   path: '../kea-viewer.conf'
2024-12-08 20:01:44: }
2024-12-08 20:01:45: Error: ENOENT: no such file or directory, open '../kea-viewer.conf'
2024-12-08 20:01:45:     at Object.openSync (node:fs:596:3)
2024-12-08 20:01:45:     at readFileSync (node:fs:464:35)
2024-12-08 20:01:45:     at file:///home/mgmt/kea-viewer/backend/kea-csv-reader.js:7:27
2024-12-08 20:01:45:     at ModuleJob.run (node:internal/modules/esm/module_job:195:25)
2024-12-08 20:01:45:     at async ModuleLoader.import (node:internal/modules/esm/loader:336:24)
2024-12-08 20:01:45:     at async importModuleDynamicallyWrapper (node:internal/vm/module:429:15) {
2024-12-08 20:01:45:   errno: -2,
2024-12-08 20:01:45:   syscall: 'open',
2024-12-08 20:01:45:   code: 'ENOENT',
2024-12-08 20:01:45:   path: '../kea-viewer.conf'
2024-12-08 20:01:45: }
2024-12-08 20:01:45: Error: ENOENT: no such file or directory, open '../kea-viewer.conf'
2024-12-08 20:01:45:     at Object.openSync (node:fs:596:3)
2024-12-08 20:01:45:     at readFileSync (node:fs:464:35)
2024-12-08 20:01:45:     at file:///home/mgmt/kea-viewer/backend/kea-csv-reader.js:7:27
2024-12-08 20:01:45:     at ModuleJob.run (node:internal/modules/esm/module_job:195:25)
2024-12-08 20:01:45:     at async ModuleLoader.import (node:internal/modules/esm/loader:336:24)
2024-12-08 20:01:45:     at async importModuleDynamicallyWrapper (node:internal/vm/module:429:15) {
2024-12-08 20:01:45:   errno: -2,
2024-12-08 20:01:45:   syscall: 'open',
2024-12-08 20:01:45:   code: 'ENOENT',
2024-12-08 20:01:45:   path: '../kea-viewer.conf'
2024-12-08 20:01:45: }
2024-12-08 20:01:46: Error: ENOENT: no such file or directory, open '../kea-viewer.conf'
2024-12-08 20:01:46:     at Object.openSync (node:fs:596:3)
2024-12-08 20:01:46:     at readFileSync (node:fs:464:35)
2024-12-08 20:01:46:     at file:///home/mgmt/kea-viewer/backend/kea-csv-reader.js:7:27
2024-12-08 20:01:46:     at ModuleJob.run (node:internal/modules/esm/module_job:195:25)
2024-12-08 20:01:46:     at async ModuleLoader.import (node:internal/modules/esm/loader:336:24)
2024-12-08 20:01:46:     at async importModuleDynamicallyWrapper (node:internal/vm/module:429:15) {
2024-12-08 20:01:46:   errno: -2,
2024-12-08 20:01:46:   syscall: 'open',
2024-12-08 20:01:46:   code: 'ENOENT',
2024-12-08 20:01:46:   path: '../kea-viewer.conf'
2024-12-08 20:01:46: }
2024-12-08 20:01:47: Error: ENOENT: no such file or directory, open '../kea-viewer.conf'
2024-12-08 20:01:47:     at Object.openSync (node:fs:596:3)
2024-12-08 20:01:47:     at readFileSync (node:fs:464:35)
2024-12-08 20:01:47:     at file:///home/mgmt/kea-viewer/backend/kea-csv-reader.js:7:27
2024-12-08 20:01:47:     at ModuleJob.run (node:internal/modules/esm/module_job:195:25)
2024-12-08 20:01:47:     at async ModuleLoader.import (node:internal/modules/esm/loader:336:24)
2024-12-08 20:01:47:     at async importModuleDynamicallyWrapper (node:internal/vm/module:429:15) {
2024-12-08 20:01:47:   errno: -2,
2024-12-08 20:01:47:   syscall: 'open',
2024-12-08 20:01:47:   code: 'ENOENT',
2024-12-08 20:01:47:   path: '../kea-viewer.conf'
2024-12-08 20:01:47: }
2024-12-08 20:01:48: Error: ENOENT: no such file or directory, open '../kea-viewer.conf'
2024-12-08 20:01:48:     at Object.openSync (node:fs:596:3)
2024-12-08 20:01:48:     at readFileSync (node:fs:464:35)
2024-12-08 20:01:48:     at file:///home/mgmt/kea-viewer/backend/kea-csv-reader.js:7:27
2024-12-08 20:01:48:     at ModuleJob.run (node:internal/modules/esm/module_job:195:25)
2024-12-08 20:01:48:     at async ModuleLoader.import (node:internal/modules/esm/loader:336:24)
2024-12-08 20:01:48:     at async importModuleDynamicallyWrapper (node:internal/vm/module:429:15) {
2024-12-08 20:01:48:   errno: -2,
2024-12-08 20:01:48:   syscall: 'open',
2024-12-08 20:01:48:   code: 'ENOENT',
2024-12-08 20:01:48:   path: '../kea-viewer.conf'
2024-12-08 20:01:48: }
2024-12-08 20:01:49: Error: ENOENT: no such file or directory, open '../kea-viewer.conf'
2024-12-08 20:01:49:     at Object.openSync (node:fs:596:3)
2024-12-08 20:01:49:     at readFileSync (node:fs:464:35)
2024-12-08 20:01:49:     at file:///home/mgmt/kea-viewer/backend/kea-csv-reader.js:7:27
2024-12-08 20:01:49:     at ModuleJob.run (node:internal/modules/esm/module_job:195:25)
2024-12-08 20:01:49:     at async ModuleLoader.import (node:internal/modules/esm/loader:336:24)
2024-12-08 20:01:49:     at async importModuleDynamicallyWrapper (node:internal/vm/module:429:15) {
2024-12-08 20:01:49:   errno: -2,
2024-12-08 20:01:49:   syscall: 'open',
2024-12-08 20:01:49:   code: 'ENOENT',
2024-12-08 20:01:49:   path: '../kea-viewer.conf'
2024-12-08 20:01:49: }
2024-12-08 20:01:50: Error: ENOENT: no such file or directory, open '../kea-viewer.conf'
2024-12-08 20:01:50:     at Object.openSync (node:fs:596:3)
2024-12-08 20:01:50:     at readFileSync (node:fs:464:35)
2024-12-08 20:01:50:     at file:///home/mgmt/kea-viewer/backend/kea-csv-reader.js:7:27
2024-12-08 20:01:50:     at ModuleJob.run (node:internal/modules/esm/module_job:195:25)
2024-12-08 20:01:50:     at async ModuleLoader.import (node:internal/modules/esm/loader:336:24)
2024-12-08 20:01:50:     at async importModuleDynamicallyWrapper (node:internal/vm/module:429:15) {
2024-12-08 20:01:50:   errno: -2,
2024-12-08 20:01:50:   syscall: 'open',
2024-12-08 20:01:50:   code: 'ENOENT',
2024-12-08 20:01:50:   path: '../kea-viewer.conf'
2024-12-08 20:01:50: }
2024-12-08 20:01:50: Error: ENOENT: no such file or directory, open '../kea-viewer.conf'
2024-12-08 20:01:50:     at Object.openSync (node:fs:596:3)
2024-12-08 20:01:50:     at readFileSync (node:fs:464:35)
2024-12-08 20:01:50:     at file:///home/mgmt/kea-viewer/backend/kea-csv-reader.js:7:27
2024-12-08 20:01:50:     at ModuleJob.run (node:internal/modules/esm/module_job:195:25)
2024-12-08 20:01:50:     at async ModuleLoader.import (node:internal/modules/esm/loader:336:24)
2024-12-08 20:01:50:     at async importModuleDynamicallyWrapper (node:internal/vm/module:429:15) {
2024-12-08 20:01:50:   errno: -2,
2024-12-08 20:01:50:   syscall: 'open',
2024-12-08 20:01:50:   code: 'ENOENT',
2024-12-08 20:01:50:   path: '../kea-viewer.conf'
2024-12-08 20:01:50: }
2024-12-08 20:01:51: Error: ENOENT: no such file or directory, open '../kea-viewer.conf'
2024-12-08 20:01:51:     at Object.openSync (node:fs:596:3)
2024-12-08 20:01:51:     at readFileSync (node:fs:464:35)
2024-12-08 20:01:51:     at file:///home/mgmt/kea-viewer/backend/kea-csv-reader.js:7:27
2024-12-08 20:01:51:     at ModuleJob.run (node:internal/modules/esm/module_job:195:25)
2024-12-08 20:01:51:     at async ModuleLoader.import (node:internal/modules/esm/loader:336:24)
2024-12-08 20:01:51:     at async importModuleDynamicallyWrapper (node:internal/vm/module:429:15) {
2024-12-08 20:01:51:   errno: -2,
2024-12-08 20:01:51:   syscall: 'open',
2024-12-08 20:01:51:   code: 'ENOENT',
2024-12-08 20:01:51:   path: '../kea-viewer.conf'
2024-12-08 20:01:51: }
2024-12-08 20:01:52: Error: ENOENT: no such file or directory, open '../kea-viewer.conf'
2024-12-08 20:01:52:     at Object.openSync (node:fs:596:3)
2024-12-08 20:01:52:     at readFileSync (node:fs:464:35)
2024-12-08 20:01:52:     at file:///home/mgmt/kea-viewer/backend/kea-csv-reader.js:7:27
2024-12-08 20:01:52:     at ModuleJob.run (node:internal/modules/esm/module_job:195:25)
2024-12-08 20:01:52:     at async ModuleLoader.import (node:internal/modules/esm/loader:336:24)
2024-12-08 20:01:52:     at async importModuleDynamicallyWrapper (node:internal/vm/module:429:15) {
2024-12-08 20:01:52:   errno: -2,
2024-12-08 20:01:52:   syscall: 'open',
2024-12-08 20:01:52:   code: 'ENOENT',
2024-12-08 20:01:52:   path: '../kea-viewer.conf'
2024-12-08 20:01:52: }
2024-12-08 20:01:53: Error: ENOENT: no such file or directory, open '../kea-viewer.conf'
2024-12-08 20:01:53:     at Object.openSync (node:fs:596:3)
2024-12-08 20:01:53:     at readFileSync (node:fs:464:35)
2024-12-08 20:01:53:     at file:///home/mgmt/kea-viewer/backend/kea-csv-reader.js:7:27
2024-12-08 20:01:53:     at ModuleJob.run (node:internal/modules/esm/module_job:195:25)
2024-12-08 20:01:53:     at async ModuleLoader.import (node:internal/modules/esm/loader:336:24)
2024-12-08 20:01:53:     at async importModuleDynamicallyWrapper (node:internal/vm/module:429:15) {
2024-12-08 20:01:53:   errno: -2,
2024-12-08 20:01:53:   syscall: 'open',
2024-12-08 20:01:53:   code: 'ENOENT',
2024-12-08 20:01:53:   path: '../kea-viewer.conf'
2024-12-08 20:01:53: }
2024-12-08 20:01:54: Error: ENOENT: no such file or directory, open '../kea-viewer.conf'
2024-12-08 20:01:54:     at Object.openSync (node:fs:596:3)
2024-12-08 20:01:54:     at readFileSync (node:fs:464:35)
2024-12-08 20:01:54:     at file:///home/mgmt/kea-viewer/backend/kea-csv-reader.js:7:27
2024-12-08 20:01:54:     at ModuleJob.run (node:internal/modules/esm/module_job:195:25)
2024-12-08 20:01:54:     at async ModuleLoader.import (node:internal/modules/esm/loader:336:24)
2024-12-08 20:01:54:     at async importModuleDynamicallyWrapper (node:internal/vm/module:429:15) {
2024-12-08 20:01:54:   errno: -2,
2024-12-08 20:01:54:   syscall: 'open',
2024-12-08 20:01:54:   code: 'ENOENT',
2024-12-08 20:01:54:   path: '../kea-viewer.conf'
2024-12-08 20:01:54: }
2024-12-08 20:01:54: Error: ENOENT: no such file or directory, open '../kea-viewer.conf'
2024-12-08 20:01:54:     at Object.openSync (node:fs:596:3)
2024-12-08 20:01:54:     at readFileSync (node:fs:464:35)
2024-12-08 20:01:54:     at file:///home/mgmt/kea-viewer/backend/kea-csv-reader.js:7:27
2024-12-08 20:01:54:     at ModuleJob.run (node:internal/modules/esm/module_job:195:25)
2024-12-08 20:01:54:     at async ModuleLoader.import (node:internal/modules/esm/loader:336:24)
2024-12-08 20:01:54:     at async importModuleDynamicallyWrapper (node:internal/vm/module:429:15) {
2024-12-08 20:01:54:   errno: -2,
2024-12-08 20:01:54:   syscall: 'open',
2024-12-08 20:01:54:   code: 'ENOENT',
2024-12-08 20:01:54:   path: '../kea-viewer.conf'
2024-12-08 20:01:54: }
2024-12-08 20:01:55: Error: ENOENT: no such file or directory, open '../kea-viewer.conf'
2024-12-08 20:01:55:     at Object.openSync (node:fs:596:3)
2024-12-08 20:01:55:     at readFileSync (node:fs:464:35)
2024-12-08 20:01:55:     at file:///home/mgmt/kea-viewer/backend/kea-csv-reader.js:7:27
2024-12-08 20:01:55:     at ModuleJob.run (node:internal/modules/esm/module_job:195:25)
2024-12-08 20:01:55:     at async ModuleLoader.import (node:internal/modules/esm/loader:336:24)
2024-12-08 20:01:55:     at async importModuleDynamicallyWrapper (node:internal/vm/module:429:15) {
2024-12-08 20:01:55:   errno: -2,
2024-12-08 20:01:55:   syscall: 'open',
2024-12-08 20:01:55:   code: 'ENOENT',
2024-12-08 20:01:55:   path: '../kea-viewer.conf'
2024-12-08 20:01:55: }
2024-12-08 20:01:56: Error: ENOENT: no such file or directory, open '../kea-viewer.conf'
2024-12-08 20:01:56:     at Object.openSync (node:fs:596:3)
2024-12-08 20:01:56:     at readFileSync (node:fs:464:35)
2024-12-08 20:01:56:     at file:///home/mgmt/kea-viewer/backend/kea-csv-reader.js:7:27
2024-12-08 20:01:56:     at ModuleJob.run (node:internal/modules/esm/module_job:195:25)
2024-12-08 20:01:56:     at async ModuleLoader.import (node:internal/modules/esm/loader:336:24)
2024-12-08 20:01:56:     at async importModuleDynamicallyWrapper (node:internal/vm/module:429:15) {
2024-12-08 20:01:56:   errno: -2,
2024-12-08 20:01:56:   syscall: 'open',
2024-12-08 20:01:56:   code: 'ENOENT',
2024-12-08 20:01:56:   path: '../kea-viewer.conf'
2024-12-08 20:01:56: }
2024-12-08 20:01:57: Error: ENOENT: no such file or directory, open '../kea-viewer.conf'
2024-12-08 20:01:57:     at Object.openSync (node:fs:596:3)
2024-12-08 20:01:57:     at readFileSync (node:fs:464:35)
2024-12-08 20:01:57:     at file:///home/mgmt/kea-viewer/backend/kea-csv-reader.js:7:27
2024-12-08 20:01:57:     at ModuleJob.run (node:internal/modules/esm/module_job:195:25)
2024-12-08 20:01:57:     at async ModuleLoader.import (node:internal/modules/esm/loader:336:24)
2024-12-08 20:01:57:     at async importModuleDynamicallyWrapper (node:internal/vm/module:429:15) {
2024-12-08 20:01:57:   errno: -2,
2024-12-08 20:01:57:   syscall: 'open',
2024-12-08 20:01:57:   code: 'ENOENT',
2024-12-08 20:01:57:   path: '../kea-viewer.conf'
2024-12-08 20:01:57: }
2024-12-08 20:01:58: Error: ENOENT: no such file or directory, open '../kea-viewer.conf'
2024-12-08 20:01:58:     at Object.openSync (node:fs:596:3)
2024-12-08 20:01:58:     at readFileSync (node:fs:464:35)
2024-12-08 20:01:58:     at file:///home/mgmt/kea-viewer/backend/kea-csv-reader.js:7:27
2024-12-08 20:01:58:     at ModuleJob.run (node:internal/modules/esm/module_job:195:25)
2024-12-08 20:01:58:     at async ModuleLoader.import (node:internal/modules/esm/loader:336:24)
2024-12-08 20:01:58:     at async importModuleDynamicallyWrapper (node:internal/vm/module:429:15) {
2024-12-08 20:01:58:   errno: -2,
2024-12-08 20:01:58:   syscall: 'open',
2024-12-08 20:01:58:   code: 'ENOENT',
2024-12-08 20:01:58:   path: '../kea-viewer.conf'
2024-12-08 20:01:58: }
2024-12-08 20:01:59: Error: ENOENT: no such file or directory, open '../kea-viewer.conf'
2024-12-08 20:01:59:     at Object.openSync (node:fs:596:3)
2024-12-08 20:01:59:     at readFileSync (node:fs:464:35)
2024-12-08 20:01:59:     at file:///home/mgmt/kea-viewer/backend/kea-csv-reader.js:7:27
2024-12-08 20:01:59:     at ModuleJob.run (node:internal/modules/esm/module_job:195:25)
2024-12-08 20:01:59:     at async ModuleLoader.import (node:internal/modules/esm/loader:336:24)
2024-12-08 20:01:59:     at async importModuleDynamicallyWrapper (node:internal/vm/module:429:15) {
2024-12-08 20:01:59:   errno: -2,
2024-12-08 20:01:59:   syscall: 'open',
2024-12-08 20:01:59:   code: 'ENOENT',
2024-12-08 20:01:59:   path: '../kea-viewer.conf'
2024-12-08 20:01:59: }
2024-12-08 20:01:59: Error: ENOENT: no such file or directory, open '../kea-viewer.conf'
2024-12-08 20:01:59:     at Object.openSync (node:fs:596:3)
2024-12-08 20:01:59:     at readFileSync (node:fs:464:35)
2024-12-08 20:01:59:     at file:///home/mgmt/kea-viewer/backend/kea-csv-reader.js:7:27
2024-12-08 20:01:59:     at ModuleJob.run (node:internal/modules/esm/module_job:195:25)
2024-12-08 20:01:59:     at async ModuleLoader.import (node:internal/modules/esm/loader:336:24)
2024-12-08 20:01:59:     at async importModuleDynamicallyWrapper (node:internal/vm/module:429:15) {
2024-12-08 20:01:59:   errno: -2,
2024-12-08 20:01:59:   syscall: 'open',
2024-12-08 20:01:59:   code: 'ENOENT',
2024-12-08 20:01:59:   path: '../kea-viewer.conf'
2024-12-08 20:01:59: }
2024-12-08 20:02:00: Error: ENOENT: no such file or directory, open '../kea-viewer.conf'
2024-12-08 20:02:00:     at Object.openSync (node:fs:596:3)
2024-12-08 20:02:00:     at readFileSync (node:fs:464:35)
2024-12-08 20:02:00:     at file:///home/mgmt/kea-viewer/backend/kea-csv-reader.js:7:27
2024-12-08 20:02:00:     at ModuleJob.run (node:internal/modules/esm/module_job:195:25)
2024-12-08 20:02:00:     at async ModuleLoader.import (node:internal/modules/esm/loader:336:24)
2024-12-08 20:02:00:     at async importModuleDynamicallyWrapper (node:internal/vm/module:429:15) {
2024-12-08 20:02:00:   errno: -2,
2024-12-08 20:02:00:   syscall: 'open',
2024-12-08 20:02:00:   code: 'ENOENT',
2024-12-08 20:02:00:   path: '../kea-viewer.conf'
2024-12-08 20:02:00: }
2024-12-08 20:02:01: Error: ENOENT: no such file or directory, open '../kea-viewer.conf'
2024-12-08 20:02:01:     at Object.openSync (node:fs:596:3)
2024-12-08 20:02:01:     at readFileSync (node:fs:464:35)
2024-12-08 20:02:01:     at file:///home/mgmt/kea-viewer/backend/kea-csv-reader.js:7:27
2024-12-08 20:02:01:     at ModuleJob.run (node:internal/modules/esm/module_job:195:25)
2024-12-08 20:02:01:     at async ModuleLoader.import (node:internal/modules/esm/loader:336:24)
2024-12-08 20:02:01:     at async importModuleDynamicallyWrapper (node:internal/vm/module:429:15) {
2024-12-08 20:02:01:   errno: -2,
2024-12-08 20:02:01:   syscall: 'open',
2024-12-08 20:02:01:   code: 'ENOENT',
2024-12-08 20:02:01:   path: '../kea-viewer.conf'
2024-12-08 20:02:01: }
2024-12-08 20:02:02: Error: ENOENT: no such file or directory, open '../kea-viewer.conf'
2024-12-08 20:02:02:     at Object.openSync (node:fs:596:3)
2024-12-08 20:02:02:     at readFileSync (node:fs:464:35)
2024-12-08 20:02:02:     at file:///home/mgmt/kea-viewer/backend/kea-csv-reader.js:7:27
2024-12-08 20:02:02:     at ModuleJob.run (node:internal/modules/esm/module_job:195:25)
2024-12-08 20:02:02:     at async ModuleLoader.import (node:internal/modules/esm/loader:336:24)
2024-12-08 20:02:02:     at async importModuleDynamicallyWrapper (node:internal/vm/module:429:15) {
2024-12-08 20:02:02:   errno: -2,
2024-12-08 20:02:02:   syscall: 'open',
2024-12-08 20:02:02:   code: 'ENOENT',
2024-12-08 20:02:02:   path: '../kea-viewer.conf'
2024-12-08 20:02:02: }
2024-12-08 20:02:03: Error: ENOENT: no such file or directory, open '../kea-viewer.conf'
2024-12-08 20:02:03:     at Object.openSync (node:fs:596:3)
2024-12-08 20:02:03:     at readFileSync (node:fs:464:35)
2024-12-08 20:02:03:     at file:///home/mgmt/kea-viewer/backend/kea-csv-reader.js:7:27
2024-12-08 20:02:03:     at ModuleJob.run (node:internal/modules/esm/module_job:195:25)
2024-12-08 20:02:03:     at async ModuleLoader.import (node:internal/modules/esm/loader:336:24)
2024-12-08 20:02:03:     at async importModuleDynamicallyWrapper (node:internal/vm/module:429:15) {
2024-12-08 20:02:03:   errno: -2,
2024-12-08 20:02:03:   syscall: 'open',
2024-12-08 20:02:03:   code: 'ENOENT',
2024-12-08 20:02:03:   path: '../kea-viewer.conf'
2024-12-08 20:02:03: }
2024-12-08 20:02:04: Error: ENOENT: no such file or directory, open '../kea-viewer.conf'
2024-12-08 20:02:04:     at Object.openSync (node:fs:596:3)
2024-12-08 20:02:04:     at readFileSync (node:fs:464:35)
2024-12-08 20:02:04:     at file:///home/mgmt/kea-viewer/backend/kea-csv-reader.js:7:27
2024-12-08 20:02:04:     at ModuleJob.run (node:internal/modules/esm/module_job:195:25)
2024-12-08 20:02:04:     at async ModuleLoader.import (node:internal/modules/esm/loader:336:24)
2024-12-08 20:02:04:     at async importModuleDynamicallyWrapper (node:internal/vm/module:429:15) {
2024-12-08 20:02:04:   errno: -2,
2024-12-08 20:02:04:   syscall: 'open',
2024-12-08 20:02:04:   code: 'ENOENT',
2024-12-08 20:02:04:   path: '../kea-viewer.conf'
2024-12-08 20:02:04: }
2024-12-08 20:02:05: Error: ENOENT: no such file or directory, open '../kea-viewer.conf'
2024-12-08 20:02:05:     at Object.openSync (node:fs:596:3)
2024-12-08 20:02:05:     at readFileSync (node:fs:464:35)
2024-12-08 20:02:05:     at file:///home/mgmt/kea-viewer/backend/kea-csv-reader.js:7:27
2024-12-08 20:02:05:     at ModuleJob.run (node:internal/modules/esm/module_job:195:25)
2024-12-08 20:02:05:     at async ModuleLoader.import (node:internal/modules/esm/loader:336:24)
2024-12-08 20:02:05:     at async importModuleDynamicallyWrapper (node:internal/vm/module:429:15) {
2024-12-08 20:02:05:   errno: -2,
2024-12-08 20:02:05:   syscall: 'open',
2024-12-08 20:02:05:   code: 'ENOENT',
2024-12-08 20:02:05:   path: '../kea-viewer.conf'
2024-12-08 20:02:05: }
2024-12-08 20:02:06: Error: ENOENT: no such file or directory, open '../kea-viewer.conf'
2024-12-08 20:02:06:     at Object.openSync (node:fs:596:3)
2024-12-08 20:02:06:     at readFileSync (node:fs:464:35)
2024-12-08 20:02:06:     at file:///home/mgmt/kea-viewer/backend/kea-csv-reader.js:7:27
2024-12-08 20:02:06:     at ModuleJob.run (node:internal/modules/esm/module_job:195:25)
2024-12-08 20:02:06:     at async ModuleLoader.import (node:internal/modules/esm/loader:336:24)
2024-12-08 20:02:06:     at async importModuleDynamicallyWrapper (node:internal/vm/module:429:15) {
2024-12-08 20:02:06:   errno: -2,
2024-12-08 20:02:06:   syscall: 'open',
2024-12-08 20:02:06:   code: 'ENOENT',
2024-12-08 20:02:06:   path: '../kea-viewer.conf'
2024-12-08 20:02:06: }
2024-12-08 20:02:07: Error: ENOENT: no such file or directory, open '../kea-viewer.conf'
2024-12-08 20:02:07:     at Object.openSync (node:fs:596:3)
2024-12-08 20:02:07:     at readFileSync (node:fs:464:35)
2024-12-08 20:02:07:     at file:///home/mgmt/kea-viewer/backend/kea-csv-reader.js:7:27
2024-12-08 20:02:07:     at ModuleJob.run (node:internal/modules/esm/module_job:195:25)
2024-12-08 20:02:07:     at async ModuleLoader.import (node:internal/modules/esm/loader:336:24)
2024-12-08 20:02:07:     at async importModuleDynamicallyWrapper (node:internal/vm/module:429:15) {
2024-12-08 20:02:07:   errno: -2,
2024-12-08 20:02:07:   syscall: 'open',
2024-12-08 20:02:07:   code: 'ENOENT',
2024-12-08 20:02:07:   path: '../kea-viewer.conf'
2024-12-08 20:02:07: }
2024-12-08 20:02:07: Error: ENOENT: no such file or directory, open '../kea-viewer.conf'
2024-12-08 20:02:07:     at Object.openSync (node:fs:596:3)
2024-12-08 20:02:07:     at readFileSync (node:fs:464:35)
2024-12-08 20:02:07:     at file:///home/mgmt/kea-viewer/backend/kea-csv-reader.js:7:27
2024-12-08 20:02:07:     at ModuleJob.run (node:internal/modules/esm/module_job:195:25)
2024-12-08 20:02:07:     at async ModuleLoader.import (node:internal/modules/esm/loader:336:24)
2024-12-08 20:02:07:     at async importModuleDynamicallyWrapper (node:internal/vm/module:429:15) {
2024-12-08 20:02:07:   errno: -2,
2024-12-08 20:02:07:   syscall: 'open',
2024-12-08 20:02:07:   code: 'ENOENT',
2024-12-08 20:02:07:   path: '../kea-viewer.conf'
2024-12-08 20:02:07: }
2024-12-08 20:02:08: Error: ENOENT: no such file or directory, open '../kea-viewer.conf'
2024-12-08 20:02:08:     at Object.openSync (node:fs:596:3)
2024-12-08 20:02:08:     at readFileSync (node:fs:464:35)
2024-12-08 20:02:08:     at file:///home/mgmt/kea-viewer/backend/kea-csv-reader.js:7:27
2024-12-08 20:02:08:     at ModuleJob.run (node:internal/modules/esm/module_job:195:25)
2024-12-08 20:02:08:     at async ModuleLoader.import (node:internal/modules/esm/loader:336:24)
2024-12-08 20:02:08:     at async importModuleDynamicallyWrapper (node:internal/vm/module:429:15) {
2024-12-08 20:02:08:   errno: -2,
2024-12-08 20:02:08:   syscall: 'open',
2024-12-08 20:02:08:   code: 'ENOENT',
2024-12-08 20:02:08:   path: '../kea-viewer.conf'
2024-12-08 20:02:08: }
2024-12-08 20:02:09: Error: ENOENT: no such file or directory, open '../kea-viewer.conf'
2024-12-08 20:02:09:     at Object.openSync (node:fs:596:3)
2024-12-08 20:02:09:     at readFileSync (node:fs:464:35)
2024-12-08 20:02:09:     at file:///home/mgmt/kea-viewer/backend/kea-csv-reader.js:7:27
2024-12-08 20:02:09:     at ModuleJob.run (node:internal/modules/esm/module_job:195:25)
2024-12-08 20:02:09:     at async ModuleLoader.import (node:internal/modules/esm/loader:336:24)
2024-12-08 20:02:09:     at async importModuleDynamicallyWrapper (node:internal/vm/module:429:15) {
2024-12-08 20:02:09:   errno: -2,
2024-12-08 20:02:09:   syscall: 'open',
2024-12-08 20:02:09:   code: 'ENOENT',
2024-12-08 20:02:09:   path: '../kea-viewer.conf'
2024-12-08 20:02:09: }
2024-12-08 20:02:10: Error: ENOENT: no such file or directory, open '../kea-viewer.conf'
2024-12-08 20:02:10:     at Object.openSync (node:fs:596:3)
2024-12-08 20:02:10:     at readFileSync (node:fs:464:35)
2024-12-08 20:02:10:     at file:///home/mgmt/kea-viewer/backend/kea-csv-reader.js:7:27
2024-12-08 20:02:10:     at ModuleJob.run (node:internal/modules/esm/module_job:195:25)
2024-12-08 20:02:10:     at async ModuleLoader.import (node:internal/modules/esm/loader:336:24)
2024-12-08 20:02:10:     at async importModuleDynamicallyWrapper (node:internal/vm/module:429:15) {
2024-12-08 20:02:10:   errno: -2,
2024-12-08 20:02:10:   syscall: 'open',
2024-12-08 20:02:10:   code: 'ENOENT',
2024-12-08 20:02:10:   path: '../kea-viewer.conf'
2024-12-08 20:02:10: }
2024-12-08 20:02:11: Error: ENOENT: no such file or directory, open '../kea-viewer.conf'
2024-12-08 20:02:11:     at Object.openSync (node:fs:596:3)
2024-12-08 20:02:11:     at readFileSync (node:fs:464:35)
2024-12-08 20:02:11:     at file:///home/mgmt/kea-viewer/backend/kea-csv-reader.js:7:27
2024-12-08 20:02:11:     at ModuleJob.run (node:internal/modules/esm/module_job:195:25)
2024-12-08 20:02:11:     at async ModuleLoader.import (node:internal/modules/esm/loader:336:24)
2024-12-08 20:02:11:     at async importModuleDynamicallyWrapper (node:internal/vm/module:429:15) {
2024-12-08 20:02:11:   errno: -2,
2024-12-08 20:02:11:   syscall: 'open',
2024-12-08 20:02:11:   code: 'ENOENT',
2024-12-08 20:02:11:   path: '../kea-viewer.conf'
2024-12-08 20:02:11: }
2024-12-08 20:02:12: Error: ENOENT: no such file or directory, open '../kea-viewer.conf'
2024-12-08 20:02:12:     at Object.openSync (node:fs:596:3)
2024-12-08 20:02:12:     at readFileSync (node:fs:464:35)
2024-12-08 20:02:12:     at file:///home/mgmt/kea-viewer/backend/kea-csv-reader.js:7:27
2024-12-08 20:02:12:     at ModuleJob.run (node:internal/modules/esm/module_job:195:25)
2024-12-08 20:02:12:     at async ModuleLoader.import (node:internal/modules/esm/loader:336:24)
2024-12-08 20:02:12:     at async importModuleDynamicallyWrapper (node:internal/vm/module:429:15) {
2024-12-08 20:02:12:   errno: -2,
2024-12-08 20:02:12:   syscall: 'open',
2024-12-08 20:02:12:   code: 'ENOENT',
2024-12-08 20:02:12:   path: '../kea-viewer.conf'
2024-12-08 20:02:12: }
2024-12-08 20:02:12: Error: ENOENT: no such file or directory, open '../kea-viewer.conf'
2024-12-08 20:02:12:     at Object.openSync (node:fs:596:3)
2024-12-08 20:02:12:     at readFileSync (node:fs:464:35)
2024-12-08 20:02:12:     at file:///home/mgmt/kea-viewer/backend/kea-csv-reader.js:7:27
2024-12-08 20:02:12:     at ModuleJob.run (node:internal/modules/esm/module_job:195:25)
2024-12-08 20:02:12:     at async ModuleLoader.import (node:internal/modules/esm/loader:336:24)
2024-12-08 20:02:12:     at async importModuleDynamicallyWrapper (node:internal/vm/module:429:15) {
2024-12-08 20:02:12:   errno: -2,
2024-12-08 20:02:12:   syscall: 'open',
2024-12-08 20:02:12:   code: 'ENOENT',
2024-12-08 20:02:12:   path: '../kea-viewer.conf'
2024-12-08 20:02:12: }
2024-12-08 20:02:13: Error: ENOENT: no such file or directory, open '../kea-viewer.conf'
2024-12-08 20:02:13:     at Object.openSync (node:fs:596:3)
2024-12-08 20:02:13:     at readFileSync (node:fs:464:35)
2024-12-08 20:02:13:     at file:///home/mgmt/kea-viewer/backend/kea-csv-reader.js:7:27
2024-12-08 20:02:13:     at ModuleJob.run (node:internal/modules/esm/module_job:195:25)
2024-12-08 20:02:13:     at async ModuleLoader.import (node:internal/modules/esm/loader:336:24)
2024-12-08 20:02:13:     at async importModuleDynamicallyWrapper (node:internal/vm/module:429:15) {
2024-12-08 20:02:13:   errno: -2,
2024-12-08 20:02:13:   syscall: 'open',
2024-12-08 20:02:13:   code: 'ENOENT',
2024-12-08 20:02:13:   path: '../kea-viewer.conf'
2024-12-08 20:02:13: }
2024-12-08 20:02:14: Error: ENOENT: no such file or directory, open '../kea-viewer.conf'
2024-12-08 20:02:14:     at Object.openSync (node:fs:596:3)
2024-12-08 20:02:14:     at readFileSync (node:fs:464:35)
2024-12-08 20:02:14:     at file:///home/mgmt/kea-viewer/backend/kea-csv-reader.js:7:27
2024-12-08 20:02:14:     at ModuleJob.run (node:internal/modules/esm/module_job:195:25)
2024-12-08 20:02:14:     at async ModuleLoader.import (node:internal/modules/esm/loader:336:24)
2024-12-08 20:02:14:     at async importModuleDynamicallyWrapper (node:internal/vm/module:429:15) {
2024-12-08 20:02:14:   errno: -2,
2024-12-08 20:02:14:   syscall: 'open',
2024-12-08 20:02:14:   code: 'ENOENT',
2024-12-08 20:02:14:   path: '../kea-viewer.conf'
2024-12-08 20:02:14: }
2024-12-08 20:02:15: Error: ENOENT: no such file or directory, open '../kea-viewer.conf'
2024-12-08 20:02:15:     at Object.openSync (node:fs:596:3)
2024-12-08 20:02:15:     at readFileSync (node:fs:464:35)
2024-12-08 20:02:15:     at file:///home/mgmt/kea-viewer/backend/kea-csv-reader.js:7:27
2024-12-08 20:02:15:     at ModuleJob.run (node:internal/modules/esm/module_job:195:25)
2024-12-08 20:02:15:     at async ModuleLoader.import (node:internal/modules/esm/loader:336:24)
2024-12-08 20:02:15:     at async importModuleDynamicallyWrapper (node:internal/vm/module:429:15) {
2024-12-08 20:02:15:   errno: -2,
2024-12-08 20:02:15:   syscall: 'open',
2024-12-08 20:02:15:   code: 'ENOENT',
2024-12-08 20:02:15:   path: '../kea-viewer.conf'
2024-12-08 20:02:15: }
2024-12-08 20:02:16: Error: ENOENT: no such file or directory, open '../kea-viewer.conf'
2024-12-08 20:02:16:     at Object.openSync (node:fs:596:3)
2024-12-08 20:02:16:     at readFileSync (node:fs:464:35)
2024-12-08 20:02:16:     at file:///home/mgmt/kea-viewer/backend/kea-csv-reader.js:7:27
2024-12-08 20:02:16:     at ModuleJob.run (node:internal/modules/esm/module_job:195:25)
2024-12-08 20:02:16:     at async ModuleLoader.import (node:internal/modules/esm/loader:336:24)
2024-12-08 20:02:16:     at async importModuleDynamicallyWrapper (node:internal/vm/module:429:15) {
2024-12-08 20:02:16:   errno: -2,
2024-12-08 20:02:16:   syscall: 'open',
2024-12-08 20:02:16:   code: 'ENOENT',
2024-12-08 20:02:16:   path: '../kea-viewer.conf'
2024-12-08 20:02:16: }
2024-12-08 20:02:17: Error: ENOENT: no such file or directory, open '../kea-viewer.conf'
2024-12-08 20:02:17:     at Object.openSync (node:fs:596:3)
2024-12-08 20:02:17:     at readFileSync (node:fs:464:35)
2024-12-08 20:02:17:     at file:///home/mgmt/kea-viewer/backend/kea-csv-reader.js:7:27
2024-12-08 20:02:17:     at ModuleJob.run (node:internal/modules/esm/module_job:195:25)
2024-12-08 20:02:17:     at async ModuleLoader.import (node:internal/modules/esm/loader:336:24)
2024-12-08 20:02:17:     at async importModuleDynamicallyWrapper (node:internal/vm/module:429:15) {
2024-12-08 20:02:17:   errno: -2,
2024-12-08 20:02:17:   syscall: 'open',
2024-12-08 20:02:17:   code: 'ENOENT',
2024-12-08 20:02:17:   path: '../kea-viewer.conf'
2024-12-08 20:02:17: }
2024-12-08 20:02:17: Error: ENOENT: no such file or directory, open '../kea-viewer.conf'
2024-12-08 20:02:17:     at Object.openSync (node:fs:596:3)
2024-12-08 20:02:17:     at readFileSync (node:fs:464:35)
2024-12-08 20:02:17:     at file:///home/mgmt/kea-viewer/backend/kea-csv-reader.js:7:27
2024-12-08 20:02:17:     at ModuleJob.run (node:internal/modules/esm/module_job:195:25)
2024-12-08 20:02:17:     at async ModuleLoader.import (node:internal/modules/esm/loader:336:24)
2024-12-08 20:02:17:     at async importModuleDynamicallyWrapper (node:internal/vm/module:429:15) {
2024-12-08 20:02:17:   errno: -2,
2024-12-08 20:02:17:   syscall: 'open',
2024-12-08 20:02:17:   code: 'ENOENT',
2024-12-08 20:02:17:   path: '../kea-viewer.conf'
2024-12-08 20:02:17: }
2024-12-08 20:02:18: Error: ENOENT: no such file or directory, open '../kea-viewer.conf'
2024-12-08 20:02:18:     at Object.openSync (node:fs:596:3)
2024-12-08 20:02:18:     at readFileSync (node:fs:464:35)
2024-12-08 20:02:18:     at file:///home/mgmt/kea-viewer/backend/kea-csv-reader.js:7:27
2024-12-08 20:02:18:     at ModuleJob.run (node:internal/modules/esm/module_job:195:25)
2024-12-08 20:02:18:     at async ModuleLoader.import (node:internal/modules/esm/loader:336:24)
2024-12-08 20:02:18:     at async importModuleDynamicallyWrapper (node:internal/vm/module:429:15) {
2024-12-08 20:02:18:   errno: -2,
2024-12-08 20:02:18:   syscall: 'open',
2024-12-08 20:02:18:   code: 'ENOENT',
2024-12-08 20:02:18:   path: '../kea-viewer.conf'
2024-12-08 20:02:18: }
2024-12-08 20:02:19: Error: ENOENT: no such file or directory, open '../kea-viewer.conf'
2024-12-08 20:02:19:     at Object.openSync (node:fs:596:3)
2024-12-08 20:02:19:     at readFileSync (node:fs:464:35)
2024-12-08 20:02:19:     at file:///home/mgmt/kea-viewer/backend/kea-csv-reader.js:7:27
2024-12-08 20:02:19:     at ModuleJob.run (node:internal/modules/esm/module_job:195:25)
2024-12-08 20:02:19:     at async ModuleLoader.import (node:internal/modules/esm/loader:336:24)
2024-12-08 20:02:19:     at async importModuleDynamicallyWrapper (node:internal/vm/module:429:15) {
2024-12-08 20:02:19:   errno: -2,
2024-12-08 20:02:19:   syscall: 'open',
2024-12-08 20:02:19:   code: 'ENOENT',
2024-12-08 20:02:19:   path: '../kea-viewer.conf'
2024-12-08 20:02:19: }
2024-12-08 20:02:20: Error: ENOENT: no such file or directory, open '../kea-viewer.conf'
2024-12-08 20:02:20:     at Object.openSync (node:fs:596:3)
2024-12-08 20:02:20:     at readFileSync (node:fs:464:35)
2024-12-08 20:02:20:     at file:///home/mgmt/kea-viewer/backend/kea-csv-reader.js:7:27
2024-12-08 20:02:20:     at ModuleJob.run (node:internal/modules/esm/module_job:195:25)
2024-12-08 20:02:20:     at async ModuleLoader.import (node:internal/modules/esm/loader:336:24)
2024-12-08 20:02:20:     at async importModuleDynamicallyWrapper (node:internal/vm/module:429:15) {
2024-12-08 20:02:20:   errno: -2,
2024-12-08 20:02:20:   syscall: 'open',
2024-12-08 20:02:20:   code: 'ENOENT',
2024-12-08 20:02:20:   path: '../kea-viewer.conf'
2024-12-08 20:02:20: }
2024-12-08 20:02:21: Error: ENOENT: no such file or directory, open '../kea-viewer.conf'
2024-12-08 20:02:21:     at Object.openSync (node:fs:596:3)
2024-12-08 20:02:21:     at readFileSync (node:fs:464:35)
2024-12-08 20:02:21:     at file:///home/mgmt/kea-viewer/backend/kea-csv-reader.js:7:27
2024-12-08 20:02:21:     at ModuleJob.run (node:internal/modules/esm/module_job:195:25)
2024-12-08 20:02:21:     at async ModuleLoader.import (node:internal/modules/esm/loader:336:24)
2024-12-08 20:02:21:     at async importModuleDynamicallyWrapper (node:internal/vm/module:429:15) {
2024-12-08 20:02:21:   errno: -2,
2024-12-08 20:02:21:   syscall: 'open',
2024-12-08 20:02:21:   code: 'ENOENT',
2024-12-08 20:02:21:   path: '../kea-viewer.conf'
2024-12-08 20:02:21: }
2024-12-08 20:02:21: Error: ENOENT: no such file or directory, open '../kea-viewer.conf'
2024-12-08 20:02:21:     at Object.openSync (node:fs:596:3)
2024-12-08 20:02:21:     at readFileSync (node:fs:464:35)
2024-12-08 20:02:21:     at file:///home/mgmt/kea-viewer/backend/kea-csv-reader.js:7:27
2024-12-08 20:02:21:     at ModuleJob.run (node:internal/modules/esm/module_job:195:25)
2024-12-08 20:02:21:     at async ModuleLoader.import (node:internal/modules/esm/loader:336:24)
2024-12-08 20:02:21:     at async importModuleDynamicallyWrapper (node:internal/vm/module:429:15) {
2024-12-08 20:02:21:   errno: -2,
2024-12-08 20:02:21:   syscall: 'open',
2024-12-08 20:02:21:   code: 'ENOENT',
2024-12-08 20:02:21:   path: '../kea-viewer.conf'
2024-12-08 20:02:21: }
2024-12-08 20:02:22: Error: ENOENT: no such file or directory, open '../kea-viewer.conf'
2024-12-08 20:02:22:     at Object.openSync (node:fs:596:3)
2024-12-08 20:02:22:     at readFileSync (node:fs:464:35)
2024-12-08 20:02:22:     at file:///home/mgmt/kea-viewer/backend/kea-csv-reader.js:7:27
2024-12-08 20:02:22:     at ModuleJob.run (node:internal/modules/esm/module_job:195:25)
2024-12-08 20:02:22:     at async ModuleLoader.import (node:internal/modules/esm/loader:336:24)
2024-12-08 20:02:22:     at async importModuleDynamicallyWrapper (node:internal/vm/module:429:15) {
2024-12-08 20:02:22:   errno: -2,
2024-12-08 20:02:22:   syscall: 'open',
2024-12-08 20:02:22:   code: 'ENOENT',
2024-12-08 20:02:22:   path: '../kea-viewer.conf'
2024-12-08 20:02:22: }
2024-12-08 20:02:23: Error: ENOENT: no such file or directory, open '../kea-viewer.conf'
2024-12-08 20:02:23:     at Object.openSync (node:fs:596:3)
2024-12-08 20:02:23:     at readFileSync (node:fs:464:35)
2024-12-08 20:02:23:     at file:///home/mgmt/kea-viewer/backend/kea-csv-reader.js:7:27
2024-12-08 20:02:23:     at ModuleJob.run (node:internal/modules/esm/module_job:195:25)
2024-12-08 20:02:23:     at async ModuleLoader.import (node:internal/modules/esm/loader:336:24)
2024-12-08 20:02:23:     at async importModuleDynamicallyWrapper (node:internal/vm/module:429:15) {
2024-12-08 20:02:23:   errno: -2,
2024-12-08 20:02:23:   syscall: 'open',
2024-12-08 20:02:23:   code: 'ENOENT',
2024-12-08 20:02:23:   path: '../kea-viewer.conf'
2024-12-08 20:02:23: }
2024-12-08 20:02:24: Error: ENOENT: no such file or directory, open '../kea-viewer.conf'
2024-12-08 20:02:24:     at Object.openSync (node:fs:596:3)
2024-12-08 20:02:24:     at readFileSync (node:fs:464:35)
2024-12-08 20:02:24:     at file:///home/mgmt/kea-viewer/backend/kea-csv-reader.js:7:27
2024-12-08 20:02:24:     at ModuleJob.run (node:internal/modules/esm/module_job:195:25)
2024-12-08 20:02:24:     at async ModuleLoader.import (node:internal/modules/esm/loader:336:24)
2024-12-08 20:02:24:     at async importModuleDynamicallyWrapper (node:internal/vm/module:429:15) {
2024-12-08 20:02:24:   errno: -2,
2024-12-08 20:02:24:   syscall: 'open',
2024-12-08 20:02:24:   code: 'ENOENT',
2024-12-08 20:02:24:   path: '../kea-viewer.conf'
2024-12-08 20:02:24: }
2024-12-08 20:02:25: Error: ENOENT: no such file or directory, open '../kea-viewer.conf'
2024-12-08 20:02:25:     at Object.openSync (node:fs:596:3)
2024-12-08 20:02:25:     at readFileSync (node:fs:464:35)
2024-12-08 20:02:25:     at file:///home/mgmt/kea-viewer/backend/kea-csv-reader.js:7:27
2024-12-08 20:02:25:     at ModuleJob.run (node:internal/modules/esm/module_job:195:25)
2024-12-08 20:02:25:     at async ModuleLoader.import (node:internal/modules/esm/loader:336:24)
2024-12-08 20:02:25:     at async importModuleDynamicallyWrapper (node:internal/vm/module:429:15) {
2024-12-08 20:02:25:   errno: -2,
2024-12-08 20:02:25:   syscall: 'open',
2024-12-08 20:02:25:   code: 'ENOENT',
2024-12-08 20:02:25:   path: '../kea-viewer.conf'
2024-12-08 20:02:25: }
2024-12-08 20:02:26: Error: ENOENT: no such file or directory, open '../kea-viewer.conf'
2024-12-08 20:02:26:     at Object.openSync (node:fs:596:3)
2024-12-08 20:02:26:     at readFileSync (node:fs:464:35)
2024-12-08 20:02:26:     at file:///home/mgmt/kea-viewer/backend/kea-csv-reader.js:7:27
2024-12-08 20:02:26:     at ModuleJob.run (node:internal/modules/esm/module_job:195:25)
2024-12-08 20:02:26:     at async ModuleLoader.import (node:internal/modules/esm/loader:336:24)
2024-12-08 20:02:26:     at async importModuleDynamicallyWrapper (node:internal/vm/module:429:15) {
2024-12-08 20:02:26:   errno: -2,
2024-12-08 20:02:26:   syscall: 'open',
2024-12-08 20:02:26:   code: 'ENOENT',
2024-12-08 20:02:26:   path: '../kea-viewer.conf'
2024-12-08 20:02:26: }
2024-12-08 20:02:26: Error: ENOENT: no such file or directory, open '../kea-viewer.conf'
2024-12-08 20:02:26:     at Object.openSync (node:fs:596:3)
2024-12-08 20:02:26:     at readFileSync (node:fs:464:35)
2024-12-08 20:02:26:     at file:///home/mgmt/kea-viewer/backend/kea-csv-reader.js:7:27
2024-12-08 20:02:26:     at ModuleJob.run (node:internal/modules/esm/module_job:195:25)
2024-12-08 20:02:26:     at async ModuleLoader.import (node:internal/modules/esm/loader:336:24)
2024-12-08 20:02:26:     at async importModuleDynamicallyWrapper (node:internal/vm/module:429:15) {
2024-12-08 20:02:26:   errno: -2,
2024-12-08 20:02:26:   syscall: 'open',
2024-12-08 20:02:26:   code: 'ENOENT',
2024-12-08 20:02:26:   path: '../kea-viewer.conf'
2024-12-08 20:02:26: }
2024-12-08 20:02:27: Error: ENOENT: no such file or directory, open '../kea-viewer.conf'
2024-12-08 20:02:27:     at Object.openSync (node:fs:596:3)
2024-12-08 20:02:27:     at readFileSync (node:fs:464:35)
2024-12-08 20:02:27:     at file:///home/mgmt/kea-viewer/backend/kea-csv-reader.js:7:27
2024-12-08 20:02:27:     at ModuleJob.run (node:internal/modules/esm/module_job:195:25)
2024-12-08 20:02:27:     at async ModuleLoader.import (node:internal/modules/esm/loader:336:24)
2024-12-08 20:02:27:     at async importModuleDynamicallyWrapper (node:internal/vm/module:429:15) {
2024-12-08 20:02:27:   errno: -2,
2024-12-08 20:02:27:   syscall: 'open',
2024-12-08 20:02:27:   code: 'ENOENT',
2024-12-08 20:02:27:   path: '../kea-viewer.conf'
2024-12-08 20:02:27: }
2024-12-08 20:02:28: Error: ENOENT: no such file or directory, open '../kea-viewer.conf'
2024-12-08 20:02:28:     at Object.openSync (node:fs:596:3)
2024-12-08 20:02:28:     at readFileSync (node:fs:464:35)
2024-12-08 20:02:28:     at file:///home/mgmt/kea-viewer/backend/kea-csv-reader.js:7:27
2024-12-08 20:02:28:     at ModuleJob.run (node:internal/modules/esm/module_job:195:25)
2024-12-08 20:02:28:     at async ModuleLoader.import (node:internal/modules/esm/loader:336:24)
2024-12-08 20:02:28:     at async importModuleDynamicallyWrapper (node:internal/vm/module:429:15) {
2024-12-08 20:02:28:   errno: -2,
2024-12-08 20:02:28:   syscall: 'open',
2024-12-08 20:02:28:   code: 'ENOENT',
2024-12-08 20:02:28:   path: '../kea-viewer.conf'
2024-12-08 20:02:28: }
2024-12-08 20:02:29: Error: ENOENT: no such file or directory, open '../kea-viewer.conf'
2024-12-08 20:02:29:     at Object.openSync (node:fs:596:3)
2024-12-08 20:02:29:     at readFileSync (node:fs:464:35)
2024-12-08 20:02:29:     at file:///home/mgmt/kea-viewer/backend/kea-csv-reader.js:7:27
2024-12-08 20:02:29:     at ModuleJob.run (node:internal/modules/esm/module_job:195:25)
2024-12-08 20:02:29:     at async ModuleLoader.import (node:internal/modules/esm/loader:336:24)
2024-12-08 20:02:29:     at async importModuleDynamicallyWrapper (node:internal/vm/module:429:15) {
2024-12-08 20:02:29:   errno: -2,
2024-12-08 20:02:29:   syscall: 'open',
2024-12-08 20:02:29:   code: 'ENOENT',
2024-12-08 20:02:29:   path: '../kea-viewer.conf'
2024-12-08 20:02:29: }
2024-12-08 20:02:30: Error: ENOENT: no such file or directory, open '../kea-viewer.conf'
2024-12-08 20:02:30:     at Object.openSync (node:fs:596:3)
2024-12-08 20:02:30:     at readFileSync (node:fs:464:35)
2024-12-08 20:02:30:     at file:///home/mgmt/kea-viewer/backend/kea-csv-reader.js:7:27
2024-12-08 20:02:30:     at ModuleJob.run (node:internal/modules/esm/module_job:195:25)
2024-12-08 20:02:30:     at async ModuleLoader.import (node:internal/modules/esm/loader:336:24)
2024-12-08 20:02:30:     at async importModuleDynamicallyWrapper (node:internal/vm/module:429:15) {
2024-12-08 20:02:30:   errno: -2,
2024-12-08 20:02:30:   syscall: 'open',
2024-12-08 20:02:30:   code: 'ENOENT',
2024-12-08 20:02:30:   path: '../kea-viewer.conf'
2024-12-08 20:02:30: }
2024-12-08 20:02:31: Error: ENOENT: no such file or directory, open '../kea-viewer.conf'
2024-12-08 20:02:31:     at Object.openSync (node:fs:596:3)
2024-12-08 20:02:31:     at readFileSync (node:fs:464:35)
2024-12-08 20:02:31:     at file:///home/mgmt/kea-viewer/backend/kea-csv-reader.js:7:27
2024-12-08 20:02:31:     at ModuleJob.run (node:internal/modules/esm/module_job:195:25)
2024-12-08 20:02:31:     at async ModuleLoader.import (node:internal/modules/esm/loader:336:24)
2024-12-08 20:02:31:     at async importModuleDynamicallyWrapper (node:internal/vm/module:429:15) {
2024-12-08 20:02:31:   errno: -2,
2024-12-08 20:02:31:   syscall: 'open',
2024-12-08 20:02:31:   code: 'ENOENT',
2024-12-08 20:02:31:   path: '../kea-viewer.conf'
2024-12-08 20:02:31: }
2024-12-08 20:02:31: Error: ENOENT: no such file or directory, open '../kea-viewer.conf'
2024-12-08 20:02:31:     at Object.openSync (node:fs:596:3)
2024-12-08 20:02:31:     at readFileSync (node:fs:464:35)
2024-12-08 20:02:31:     at file:///home/mgmt/kea-viewer/backend/kea-csv-reader.js:7:27
2024-12-08 20:02:31:     at ModuleJob.run (node:internal/modules/esm/module_job:195:25)
2024-12-08 20:02:31:     at async ModuleLoader.import (node:internal/modules/esm/loader:336:24)
2024-12-08 20:02:31:     at async importModuleDynamicallyWrapper (node:internal/vm/module:429:15) {
2024-12-08 20:02:31:   errno: -2,
2024-12-08 20:02:31:   syscall: 'open',
2024-12-08 20:02:31:   code: 'ENOENT',
2024-12-08 20:02:31:   path: '../kea-viewer.conf'
2024-12-08 20:02:31: }
2024-12-08 20:02:32: Error: ENOENT: no such file or directory, open '../kea-viewer.conf'
2024-12-08 20:02:32:     at Object.openSync (node:fs:596:3)
2024-12-08 20:02:32:     at readFileSync (node:fs:464:35)
2024-12-08 20:02:32:     at file:///home/mgmt/kea-viewer/backend/kea-csv-reader.js:7:27
2024-12-08 20:02:32:     at ModuleJob.run (node:internal/modules/esm/module_job:195:25)
2024-12-08 20:02:32:     at async ModuleLoader.import (node:internal/modules/esm/loader:336:24)
2024-12-08 20:02:32:     at async importModuleDynamicallyWrapper (node:internal/vm/module:429:15) {
2024-12-08 20:02:32:   errno: -2,
2024-12-08 20:02:32:   syscall: 'open',
2024-12-08 20:02:32:   code: 'ENOENT',
2024-12-08 20:02:32:   path: '../kea-viewer.conf'
2024-12-08 20:02:32: }
2024-12-08 20:02:33: Error: ENOENT: no such file or directory, open '../kea-viewer.conf'
2024-12-08 20:02:33:     at Object.openSync (node:fs:596:3)
2024-12-08 20:02:33:     at readFileSync (node:fs:464:35)
2024-12-08 20:02:33:     at file:///home/mgmt/kea-viewer/backend/kea-csv-reader.js:7:27
2024-12-08 20:02:33:     at ModuleJob.run (node:internal/modules/esm/module_job:195:25)
2024-12-08 20:02:33:     at async ModuleLoader.import (node:internal/modules/esm/loader:336:24)
2024-12-08 20:02:33:     at async importModuleDynamicallyWrapper (node:internal/vm/module:429:15) {
2024-12-08 20:02:33:   errno: -2,
2024-12-08 20:02:33:   syscall: 'open',
2024-12-08 20:02:33:   code: 'ENOENT',
2024-12-08 20:02:33:   path: '../kea-viewer.conf'
2024-12-08 20:02:33: }
2024-12-08 20:02:34: Error: ENOENT: no such file or directory, open '../kea-viewer.conf'
2024-12-08 20:02:34:     at Object.openSync (node:fs:596:3)
2024-12-08 20:02:34:     at readFileSync (node:fs:464:35)
2024-12-08 20:02:34:     at file:///home/mgmt/kea-viewer/backend/kea-csv-reader.js:7:27
2024-12-08 20:02:34:     at ModuleJob.run (node:internal/modules/esm/module_job:195:25)
2024-12-08 20:02:34:     at async ModuleLoader.import (node:internal/modules/esm/loader:336:24)
2024-12-08 20:02:34:     at async importModuleDynamicallyWrapper (node:internal/vm/module:429:15) {
2024-12-08 20:02:34:   errno: -2,
2024-12-08 20:02:34:   syscall: 'open',
2024-12-08 20:02:34:   code: 'ENOENT',
2024-12-08 20:02:34:   path: '../kea-viewer.conf'
2024-12-08 20:02:34: }
2024-12-08 20:02:35: Error: ENOENT: no such file or directory, open '../kea-viewer.conf'
2024-12-08 20:02:35:     at Object.openSync (node:fs:596:3)
2024-12-08 20:02:35:     at readFileSync (node:fs:464:35)
2024-12-08 20:02:35:     at file:///home/mgmt/kea-viewer/backend/kea-csv-reader.js:7:27
2024-12-08 20:02:35:     at ModuleJob.run (node:internal/modules/esm/module_job:195:25)
2024-12-08 20:02:35:     at async ModuleLoader.import (node:internal/modules/esm/loader:336:24)
2024-12-08 20:02:35:     at async importModuleDynamicallyWrapper (node:internal/vm/module:429:15) {
2024-12-08 20:02:35:   errno: -2,
2024-12-08 20:02:35:   syscall: 'open',
2024-12-08 20:02:35:   code: 'ENOENT',
2024-12-08 20:02:35:   path: '../kea-viewer.conf'
2024-12-08 20:02:35: }
2024-12-08 20:02:36: Error: ENOENT: no such file or directory, open '../kea-viewer.conf'
2024-12-08 20:02:36:     at Object.openSync (node:fs:596:3)
2024-12-08 20:02:36:     at readFileSync (node:fs:464:35)
2024-12-08 20:02:36:     at file:///home/mgmt/kea-viewer/backend/kea-csv-reader.js:7:27
2024-12-08 20:02:36:     at ModuleJob.run (node:internal/modules/esm/module_job:195:25)
2024-12-08 20:02:36:     at async ModuleLoader.import (node:internal/modules/esm/loader:336:24)
2024-12-08 20:02:36:     at async importModuleDynamicallyWrapper (node:internal/vm/module:429:15) {
2024-12-08 20:02:36:   errno: -2,
2024-12-08 20:02:36:   syscall: 'open',
2024-12-08 20:02:36:   code: 'ENOENT',
2024-12-08 20:02:36:   path: '../kea-viewer.conf'
2024-12-08 20:02:36: }
2024-12-08 20:02:36: Error: ENOENT: no such file or directory, open '../kea-viewer.conf'
2024-12-08 20:02:36:     at Object.openSync (node:fs:596:3)
2024-12-08 20:02:36:     at readFileSync (node:fs:464:35)
2024-12-08 20:02:36:     at file:///home/mgmt/kea-viewer/backend/kea-csv-reader.js:7:27
2024-12-08 20:02:36:     at ModuleJob.run (node:internal/modules/esm/module_job:195:25)
2024-12-08 20:02:36:     at async ModuleLoader.import (node:internal/modules/esm/loader:336:24)
2024-12-08 20:02:36:     at async importModuleDynamicallyWrapper (node:internal/vm/module:429:15) {
2024-12-08 20:02:36:   errno: -2,
2024-12-08 20:02:36:   syscall: 'open',
2024-12-08 20:02:36:   code: 'ENOENT',
2024-12-08 20:02:36:   path: '../kea-viewer.conf'
2024-12-08 20:02:36: }
2024-12-08 20:02:37: Error: ENOENT: no such file or directory, open '../kea-viewer.conf'
2024-12-08 20:02:37:     at Object.openSync (node:fs:596:3)
2024-12-08 20:02:37:     at readFileSync (node:fs:464:35)
2024-12-08 20:02:37:     at file:///home/mgmt/kea-viewer/backend/kea-csv-reader.js:7:27
2024-12-08 20:02:37:     at ModuleJob.run (node:internal/modules/esm/module_job:195:25)
2024-12-08 20:02:37:     at async ModuleLoader.import (node:internal/modules/esm/loader:336:24)
2024-12-08 20:02:37:     at async importModuleDynamicallyWrapper (node:internal/vm/module:429:15) {
2024-12-08 20:02:37:   errno: -2,
2024-12-08 20:02:37:   syscall: 'open',
2024-12-08 20:02:37:   code: 'ENOENT',
2024-12-08 20:02:37:   path: '../kea-viewer.conf'
2024-12-08 20:02:37: }
2024-12-08 20:02:38: Error: ENOENT: no such file or directory, open '../kea-viewer.conf'
2024-12-08 20:02:38:     at Object.openSync (node:fs:596:3)
2024-12-08 20:02:38:     at readFileSync (node:fs:464:35)
2024-12-08 20:02:38:     at file:///home/mgmt/kea-viewer/backend/kea-csv-reader.js:7:27
2024-12-08 20:02:38:     at ModuleJob.run (node:internal/modules/esm/module_job:195:25)
2024-12-08 20:02:38:     at async ModuleLoader.import (node:internal/modules/esm/loader:336:24)
2024-12-08 20:02:38:     at async importModuleDynamicallyWrapper (node:internal/vm/module:429:15) {
2024-12-08 20:02:38:   errno: -2,
2024-12-08 20:02:38:   syscall: 'open',
2024-12-08 20:02:38:   code: 'ENOENT',
2024-12-08 20:02:38:   path: '../kea-viewer.conf'
2024-12-08 20:02:38: }
2024-12-08 20:02:39: Error: ENOENT: no such file or directory, open '../kea-viewer.conf'
2024-12-08 20:02:39:     at Object.openSync (node:fs:596:3)
2024-12-08 20:02:39:     at readFileSync (node:fs:464:35)
2024-12-08 20:02:39:     at file:///home/mgmt/kea-viewer/backend/kea-csv-reader.js:7:27
2024-12-08 20:02:39:     at ModuleJob.run (node:internal/modules/esm/module_job:195:25)
2024-12-08 20:02:39:     at async ModuleLoader.import (node:internal/modules/esm/loader:336:24)
2024-12-08 20:02:39:     at async importModuleDynamicallyWrapper (node:internal/vm/module:429:15) {
2024-12-08 20:02:39:   errno: -2,
2024-12-08 20:02:39:   syscall: 'open',
2024-12-08 20:02:39:   code: 'ENOENT',
2024-12-08 20:02:39:   path: '../kea-viewer.conf'
2024-12-08 20:02:39: }
2024-12-08 20:02:40: Error: ENOENT: no such file or directory, open '../kea-viewer.conf'
2024-12-08 20:02:40:     at Object.openSync (node:fs:596:3)
2024-12-08 20:02:40:     at readFileSync (node:fs:464:35)
2024-12-08 20:02:40:     at file:///home/mgmt/kea-viewer/backend/kea-csv-reader.js:7:27
2024-12-08 20:02:40:     at ModuleJob.run (node:internal/modules/esm/module_job:195:25)
2024-12-08 20:02:40:     at async ModuleLoader.import (node:internal/modules/esm/loader:336:24)
2024-12-08 20:02:40:     at async importModuleDynamicallyWrapper (node:internal/vm/module:429:15) {
2024-12-08 20:02:40:   errno: -2,
2024-12-08 20:02:40:   syscall: 'open',
2024-12-08 20:02:40:   code: 'ENOENT',
2024-12-08 20:02:40:   path: '../kea-viewer.conf'
2024-12-08 20:02:40: }
2024-12-08 20:02:41: Error: ENOENT: no such file or directory, open '../kea-viewer.conf'
2024-12-08 20:02:41:     at Object.openSync (node:fs:596:3)
2024-12-08 20:02:41:     at readFileSync (node:fs:464:35)
2024-12-08 20:02:41:     at file:///home/mgmt/kea-viewer/backend/kea-csv-reader.js:7:27
2024-12-08 20:02:41:     at ModuleJob.run (node:internal/modules/esm/module_job:195:25)
2024-12-08 20:02:41:     at async ModuleLoader.import (node:internal/modules/esm/loader:336:24)
2024-12-08 20:02:41:     at async importModuleDynamicallyWrapper (node:internal/vm/module:429:15) {
2024-12-08 20:02:41:   errno: -2,
2024-12-08 20:02:41:   syscall: 'open',
2024-12-08 20:02:41:   code: 'ENOENT',
2024-12-08 20:02:41:   path: '../kea-viewer.conf'
2024-12-08 20:02:41: }
2024-12-08 20:02:41: Error: ENOENT: no such file or directory, open '../kea-viewer.conf'
2024-12-08 20:02:41:     at Object.openSync (node:fs:596:3)
2024-12-08 20:02:41:     at readFileSync (node:fs:464:35)
2024-12-08 20:02:41:     at file:///home/mgmt/kea-viewer/backend/kea-csv-reader.js:7:27
2024-12-08 20:02:41:     at ModuleJob.run (node:internal/modules/esm/module_job:195:25)
2024-12-08 20:02:41:     at async ModuleLoader.import (node:internal/modules/esm/loader:336:24)
2024-12-08 20:02:41:     at async importModuleDynamicallyWrapper (node:internal/vm/module:429:15) {
2024-12-08 20:02:41:   errno: -2,
2024-12-08 20:02:41:   syscall: 'open',
2024-12-08 20:02:41:   code: 'ENOENT',
2024-12-08 20:02:41:   path: '../kea-viewer.conf'
2024-12-08 20:02:41: }
2024-12-08 20:02:42: Error: ENOENT: no such file or directory, open '../kea-viewer.conf'
2024-12-08 20:02:42:     at Object.openSync (node:fs:596:3)
2024-12-08 20:02:42:     at readFileSync (node:fs:464:35)
2024-12-08 20:02:42:     at file:///home/mgmt/kea-viewer/backend/kea-csv-reader.js:7:27
2024-12-08 20:02:42:     at ModuleJob.run (node:internal/modules/esm/module_job:195:25)
2024-12-08 20:02:42:     at async ModuleLoader.import (node:internal/modules/esm/loader:336:24)
2024-12-08 20:02:42:     at async importModuleDynamicallyWrapper (node:internal/vm/module:429:15) {
2024-12-08 20:02:42:   errno: -2,
2024-12-08 20:02:42:   syscall: 'open',
2024-12-08 20:02:42:   code: 'ENOENT',
2024-12-08 20:02:42:   path: '../kea-viewer.conf'
2024-12-08 20:02:42: }
2024-12-08 20:02:43: Error: ENOENT: no such file or directory, open '../kea-viewer.conf'
2024-12-08 20:02:43:     at Object.openSync (node:fs:596:3)
2024-12-08 20:02:43:     at readFileSync (node:fs:464:35)
2024-12-08 20:02:43:     at file:///home/mgmt/kea-viewer/backend/kea-csv-reader.js:7:27
2024-12-08 20:02:43:     at ModuleJob.run (node:internal/modules/esm/module_job:195:25)
2024-12-08 20:02:43:     at async ModuleLoader.import (node:internal/modules/esm/loader:336:24)
2024-12-08 20:02:43:     at async importModuleDynamicallyWrapper (node:internal/vm/module:429:15) {
2024-12-08 20:02:43:   errno: -2,
2024-12-08 20:02:43:   syscall: 'open',
2024-12-08 20:02:43:   code: 'ENOENT',
2024-12-08 20:02:43:   path: '../kea-viewer.conf'
2024-12-08 20:02:43: }
2024-12-08 20:02:44: Error: ENOENT: no such file or directory, open '../kea-viewer.conf'
2024-12-08 20:02:44:     at Object.openSync (node:fs:596:3)
2024-12-08 20:02:44:     at readFileSync (node:fs:464:35)
2024-12-08 20:02:44:     at file:///home/mgmt/kea-viewer/backend/kea-csv-reader.js:7:27
2024-12-08 20:02:44:     at ModuleJob.run (node:internal/modules/esm/module_job:195:25)
2024-12-08 20:02:44:     at async ModuleLoader.import (node:internal/modules/esm/loader:336:24)
2024-12-08 20:02:44:     at async importModuleDynamicallyWrapper (node:internal/vm/module:429:15) {
2024-12-08 20:02:44:   errno: -2,
2024-12-08 20:02:44:   syscall: 'open',
2024-12-08 20:02:44:   code: 'ENOENT',
2024-12-08 20:02:44:   path: '../kea-viewer.conf'
2024-12-08 20:02:44: }
2024-12-08 20:02:45: Error: ENOENT: no such file or directory, open '../kea-viewer.conf'
2024-12-08 20:02:45:     at Object.openSync (node:fs:596:3)
2024-12-08 20:02:45:     at readFileSync (node:fs:464:35)
2024-12-08 20:02:45:     at file:///home/mgmt/kea-viewer/backend/kea-csv-reader.js:7:27
2024-12-08 20:02:45:     at ModuleJob.run (node:internal/modules/esm/module_job:195:25)
2024-12-08 20:02:45:     at async ModuleLoader.import (node:internal/modules/esm/loader:336:24)
2024-12-08 20:02:45:     at async importModuleDynamicallyWrapper (node:internal/vm/module:429:15) {
2024-12-08 20:02:45:   errno: -2,
2024-12-08 20:02:45:   syscall: 'open',
2024-12-08 20:02:45:   code: 'ENOENT',
2024-12-08 20:02:45:   path: '../kea-viewer.conf'
2024-12-08 20:02:45: }
2024-12-08 20:02:46: Error: ENOENT: no such file or directory, open '../kea-viewer.conf'
2024-12-08 20:02:46:     at Object.openSync (node:fs:596:3)
2024-12-08 20:02:46:     at readFileSync (node:fs:464:35)
2024-12-08 20:02:46:     at file:///home/mgmt/kea-viewer/backend/kea-csv-reader.js:7:27
2024-12-08 20:02:46:     at ModuleJob.run (node:internal/modules/esm/module_job:195:25)
2024-12-08 20:02:46:     at async ModuleLoader.import (node:internal/modules/esm/loader:336:24)
2024-12-08 20:02:46:     at async importModuleDynamicallyWrapper (node:internal/vm/module:429:15) {
2024-12-08 20:02:46:   errno: -2,
2024-12-08 20:02:46:   syscall: 'open',
2024-12-08 20:02:46:   code: 'ENOENT',
2024-12-08 20:02:46:   path: '../kea-viewer.conf'
2024-12-08 20:02:46: }
2024-12-08 20:02:46: Error: ENOENT: no such file or directory, open '../kea-viewer.conf'
2024-12-08 20:02:46:     at Object.openSync (node:fs:596:3)
2024-12-08 20:02:46:     at readFileSync (node:fs:464:35)
2024-12-08 20:02:46:     at file:///home/mgmt/kea-viewer/backend/kea-csv-reader.js:7:27
2024-12-08 20:02:46:     at ModuleJob.run (node:internal/modules/esm/module_job:195:25)
2024-12-08 20:02:46:     at async ModuleLoader.import (node:internal/modules/esm/loader:336:24)
2024-12-08 20:02:46:     at async importModuleDynamicallyWrapper (node:internal/vm/module:429:15) {
2024-12-08 20:02:46:   errno: -2,
2024-12-08 20:02:46:   syscall: 'open',
2024-12-08 20:02:46:   code: 'ENOENT',
2024-12-08 20:02:46:   path: '../kea-viewer.conf'
2024-12-08 20:02:46: }
2024-12-08 20:02:47: Error: ENOENT: no such file or directory, open '../kea-viewer.conf'
2024-12-08 20:02:47:     at Object.openSync (node:fs:596:3)
2024-12-08 20:02:47:     at readFileSync (node:fs:464:35)
2024-12-08 20:02:47:     at file:///home/mgmt/kea-viewer/backend/kea-csv-reader.js:7:27
2024-12-08 20:02:47:     at ModuleJob.run (node:internal/modules/esm/module_job:195:25)
2024-12-08 20:02:47:     at async ModuleLoader.import (node:internal/modules/esm/loader:336:24)
2024-12-08 20:02:47:     at async importModuleDynamicallyWrapper (node:internal/vm/module:429:15) {
2024-12-08 20:02:47:   errno: -2,
2024-12-08 20:02:47:   syscall: 'open',
2024-12-08 20:02:47:   code: 'ENOENT',
2024-12-08 20:02:47:   path: '../kea-viewer.conf'
2024-12-08 20:02:47: }
2024-12-08 20:02:48: Error: ENOENT: no such file or directory, open '../kea-viewer.conf'
2024-12-08 20:02:48:     at Object.openSync (node:fs:596:3)
2024-12-08 20:02:48:     at readFileSync (node:fs:464:35)
2024-12-08 20:02:48:     at file:///home/mgmt/kea-viewer/backend/kea-csv-reader.js:7:27
2024-12-08 20:02:48:     at ModuleJob.run (node:internal/modules/esm/module_job:195:25)
2024-12-08 20:02:48:     at async ModuleLoader.import (node:internal/modules/esm/loader:336:24)
2024-12-08 20:02:48:     at async importModuleDynamicallyWrapper (node:internal/vm/module:429:15) {
2024-12-08 20:02:48:   errno: -2,
2024-12-08 20:02:48:   syscall: 'open',
2024-12-08 20:02:48:   code: 'ENOENT',
2024-12-08 20:02:48:   path: '../kea-viewer.conf'
2024-12-08 20:02:48: }
2024-12-08 20:02:49: Error: ENOENT: no such file or directory, open '../kea-viewer.conf'
2024-12-08 20:02:49:     at Object.openSync (node:fs:596:3)
2024-12-08 20:02:49:     at readFileSync (node:fs:464:35)
2024-12-08 20:02:49:     at file:///home/mgmt/kea-viewer/backend/kea-csv-reader.js:7:27
2024-12-08 20:02:49:     at ModuleJob.run (node:internal/modules/esm/module_job:195:25)
2024-12-08 20:02:49:     at async ModuleLoader.import (node:internal/modules/esm/loader:336:24)
2024-12-08 20:02:49:     at async importModuleDynamicallyWrapper (node:internal/vm/module:429:15) {
2024-12-08 20:02:49:   errno: -2,
2024-12-08 20:02:49:   syscall: 'open',
2024-12-08 20:02:49:   code: 'ENOENT',
2024-12-08 20:02:49:   path: '../kea-viewer.conf'
2024-12-08 20:02:49: }
2024-12-08 20:02:50: Error: ENOENT: no such file or directory, open '../kea-viewer.conf'
2024-12-08 20:02:50:     at Object.openSync (node:fs:596:3)
2024-12-08 20:02:50:     at readFileSync (node:fs:464:35)
2024-12-08 20:02:50:     at file:///home/mgmt/kea-viewer/backend/kea-csv-reader.js:7:27
2024-12-08 20:02:50:     at ModuleJob.run (node:internal/modules/esm/module_job:195:25)
2024-12-08 20:02:50:     at async ModuleLoader.import (node:internal/modules/esm/loader:336:24)
2024-12-08 20:02:50:     at async importModuleDynamicallyWrapper (node:internal/vm/module:429:15) {
2024-12-08 20:02:50:   errno: -2,
2024-12-08 20:02:50:   syscall: 'open',
2024-12-08 20:02:50:   code: 'ENOENT',
2024-12-08 20:02:50:   path: '../kea-viewer.conf'
2024-12-08 20:02:50: }
2024-12-08 20:02:51: Error: ENOENT: no such file or directory, open '../kea-viewer.conf'
2024-12-08 20:02:51:     at Object.openSync (node:fs:596:3)
2024-12-08 20:02:51:     at readFileSync (node:fs:464:35)
2024-12-08 20:02:51:     at file:///home/mgmt/kea-viewer/backend/kea-csv-reader.js:7:27
2024-12-08 20:02:51:     at ModuleJob.run (node:internal/modules/esm/module_job:195:25)
2024-12-08 20:02:51:     at async ModuleLoader.import (node:internal/modules/esm/loader:336:24)
2024-12-08 20:02:51:     at async importModuleDynamicallyWrapper (node:internal/vm/module:429:15) {
2024-12-08 20:02:51:   errno: -2,
2024-12-08 20:02:51:   syscall: 'open',
2024-12-08 20:02:51:   code: 'ENOENT',
2024-12-08 20:02:51:   path: '../kea-viewer.conf'
2024-12-08 20:02:51: }
2024-12-08 20:02:51: Error: ENOENT: no such file or directory, open '../kea-viewer.conf'
2024-12-08 20:02:51:     at Object.openSync (node:fs:596:3)
2024-12-08 20:02:51:     at readFileSync (node:fs:464:35)
2024-12-08 20:02:51:     at file:///home/mgmt/kea-viewer/backend/kea-csv-reader.js:7:27
2024-12-08 20:02:51:     at ModuleJob.run (node:internal/modules/esm/module_job:195:25)
2024-12-08 20:02:51:     at async ModuleLoader.import (node:internal/modules/esm/loader:336:24)
2024-12-08 20:02:51:     at async importModuleDynamicallyWrapper (node:internal/vm/module:429:15) {
2024-12-08 20:02:51:   errno: -2,
2024-12-08 20:02:51:   syscall: 'open',
2024-12-08 20:02:51:   code: 'ENOENT',
2024-12-08 20:02:51:   path: '../kea-viewer.conf'
2024-12-08 20:02:51: }
2024-12-08 20:02:52: Error: ENOENT: no such file or directory, open '../kea-viewer.conf'
2024-12-08 20:02:52:     at Object.openSync (node:fs:596:3)
2024-12-08 20:02:52:     at readFileSync (node:fs:464:35)
2024-12-08 20:02:52:     at file:///home/mgmt/kea-viewer/backend/kea-csv-reader.js:7:27
2024-12-08 20:02:52:     at ModuleJob.run (node:internal/modules/esm/module_job:195:25)
2024-12-08 20:02:52:     at async ModuleLoader.import (node:internal/modules/esm/loader:336:24)
2024-12-08 20:02:52:     at async importModuleDynamicallyWrapper (node:internal/vm/module:429:15) {
2024-12-08 20:02:52:   errno: -2,
2024-12-08 20:02:52:   syscall: 'open',
2024-12-08 20:02:52:   code: 'ENOENT',
2024-12-08 20:02:52:   path: '../kea-viewer.conf'
2024-12-08 20:02:52: }
2024-12-08 20:02:53: Error: ENOENT: no such file or directory, open '../kea-viewer.conf'
2024-12-08 20:02:53:     at Object.openSync (node:fs:596:3)
2024-12-08 20:02:53:     at readFileSync (node:fs:464:35)
2024-12-08 20:02:53:     at file:///home/mgmt/kea-viewer/backend/kea-csv-reader.js:7:27
2024-12-08 20:02:53:     at ModuleJob.run (node:internal/modules/esm/module_job:195:25)
2024-12-08 20:02:53:     at async ModuleLoader.import (node:internal/modules/esm/loader:336:24)
2024-12-08 20:02:53:     at async importModuleDynamicallyWrapper (node:internal/vm/module:429:15) {
2024-12-08 20:02:53:   errno: -2,
2024-12-08 20:02:53:   syscall: 'open',
2024-12-08 20:02:53:   code: 'ENOENT',
2024-12-08 20:02:53:   path: '../kea-viewer.conf'
2024-12-08 20:02:53: }
2024-12-08 20:02:54: Error: ENOENT: no such file or directory, open '../kea-viewer.conf'
2024-12-08 20:02:54:     at Object.openSync (node:fs:596:3)
2024-12-08 20:02:54:     at readFileSync (node:fs:464:35)
2024-12-08 20:02:54:     at file:///home/mgmt/kea-viewer/backend/kea-csv-reader.js:7:27
2024-12-08 20:02:54:     at ModuleJob.run (node:internal/modules/esm/module_job:195:25)
2024-12-08 20:02:54:     at async ModuleLoader.import (node:internal/modules/esm/loader:336:24)
2024-12-08 20:02:54:     at async importModuleDynamicallyWrapper (node:internal/vm/module:429:15) {
2024-12-08 20:02:54:   errno: -2,
2024-12-08 20:02:54:   syscall: 'open',
2024-12-08 20:02:54:   code: 'ENOENT',
2024-12-08 20:02:54:   path: '../kea-viewer.conf'
2024-12-08 20:02:54: }
2024-12-08 20:02:55: Error: ENOENT: no such file or directory, open '../kea-viewer.conf'
2024-12-08 20:02:55:     at Object.openSync (node:fs:596:3)
2024-12-08 20:02:55:     at readFileSync (node:fs:464:35)
2024-12-08 20:02:55:     at file:///home/mgmt/kea-viewer/backend/kea-csv-reader.js:7:27
2024-12-08 20:02:55:     at ModuleJob.run (node:internal/modules/esm/module_job:195:25)
2024-12-08 20:02:55:     at async ModuleLoader.import (node:internal/modules/esm/loader:336:24)
2024-12-08 20:02:55:     at async importModuleDynamicallyWrapper (node:internal/vm/module:429:15) {
2024-12-08 20:02:55:   errno: -2,
2024-12-08 20:02:55:   syscall: 'open',
2024-12-08 20:02:55:   code: 'ENOENT',
2024-12-08 20:02:55:   path: '../kea-viewer.conf'
2024-12-08 20:02:55: }
2024-12-08 20:02:56: Error: ENOENT: no such file or directory, open '../kea-viewer.conf'
2024-12-08 20:02:56:     at Object.openSync (node:fs:596:3)
2024-12-08 20:02:56:     at readFileSync (node:fs:464:35)
2024-12-08 20:02:56:     at file:///home/mgmt/kea-viewer/backend/kea-csv-reader.js:7:27
2024-12-08 20:02:56:     at ModuleJob.run (node:internal/modules/esm/module_job:195:25)
2024-12-08 20:02:56:     at async ModuleLoader.import (node:internal/modules/esm/loader:336:24)
2024-12-08 20:02:56:     at async importModuleDynamicallyWrapper (node:internal/vm/module:429:15) {
2024-12-08 20:02:56:   errno: -2,
2024-12-08 20:02:56:   syscall: 'open',
2024-12-08 20:02:56:   code: 'ENOENT',
2024-12-08 20:02:56:   path: '../kea-viewer.conf'
2024-12-08 20:02:56: }
2024-12-08 20:02:56: Error: ENOENT: no such file or directory, open '../kea-viewer.conf'
2024-12-08 20:02:56:     at Object.openSync (node:fs:596:3)
2024-12-08 20:02:56:     at readFileSync (node:fs:464:35)
2024-12-08 20:02:56:     at file:///home/mgmt/kea-viewer/backend/kea-csv-reader.js:7:27
2024-12-08 20:02:56:     at ModuleJob.run (node:internal/modules/esm/module_job:195:25)
2024-12-08 20:02:56:     at async ModuleLoader.import (node:internal/modules/esm/loader:336:24)
2024-12-08 20:02:56:     at async importModuleDynamicallyWrapper (node:internal/vm/module:429:15) {
2024-12-08 20:02:56:   errno: -2,
2024-12-08 20:02:56:   syscall: 'open',
2024-12-08 20:02:56:   code: 'ENOENT',
2024-12-08 20:02:56:   path: '../kea-viewer.conf'
2024-12-08 20:02:56: }
2024-12-08 20:02:57: Error: ENOENT: no such file or directory, open '../kea-viewer.conf'
2024-12-08 20:02:57:     at Object.openSync (node:fs:596:3)
2024-12-08 20:02:57:     at readFileSync (node:fs:464:35)
2024-12-08 20:02:57:     at file:///home/mgmt/kea-viewer/backend/kea-csv-reader.js:7:27
2024-12-08 20:02:57:     at ModuleJob.run (node:internal/modules/esm/module_job:195:25)
2024-12-08 20:02:57:     at async ModuleLoader.import (node:internal/modules/esm/loader:336:24)
2024-12-08 20:02:57:     at async importModuleDynamicallyWrapper (node:internal/vm/module:429:15) {
2024-12-08 20:02:57:   errno: -2,
2024-12-08 20:02:57:   syscall: 'open',
2024-12-08 20:02:57:   code: 'ENOENT',
2024-12-08 20:02:57:   path: '../kea-viewer.conf'
2024-12-08 20:02:57: }
2024-12-08 20:29:36: ReferenceError: config is not defined
2024-12-08 20:29:36:     at file:///home/mgmt/kea-viewer/backend/kea-csv-reader.js:46:12
2024-12-08 20:29:36:     at ModuleJob.run (node:internal/modules/esm/module_job:195:25)
2024-12-08 20:29:36:     at async ModuleLoader.import (node:internal/modules/esm/loader:336:24)
2024-12-08 20:29:36:     at async importModuleDynamicallyWrapper (node:internal/vm/module:429:15)
2024-12-08 20:30:10: ReferenceError: config is not defined
2024-12-08 20:30:10:     at file:///home/mgmt/kea-viewer/backend/kea-csv-reader.js:46:12
2024-12-08 20:30:10:     at ModuleJob.run (node:internal/modules/esm/module_job:195:25)
2024-12-08 20:30:10:     at async ModuleLoader.import (node:internal/modules/esm/loader:336:24)
2024-12-08 20:30:10:     at async importModuleDynamicallyWrapper (node:internal/vm/module:429:15)
